Error in <TTreeReaderArrayBase::CreateContentProxy()>: The branch R_j1l1 contains data of type double. It cannot be accessed by a TTreeReaderArray<float>
Error in <TTreeReaderValueBase::GetBranchDataType()>: Must use TTreeReaderArray to read branch R_j1l2: it contains an array or a collection.
Error in <TTreeReaderValueBase::CreateProxy()>: The branch R_j1l2 contains data of type {UNDETERMINED TYPE}, which does not have a dictionary.
Error in <TTreeReaderValue::Get()>: Value reader not properly initialized, did you remember to call TTreeReader.Set(Next)Entry()?

 *** Break *** segmentation violation



===========================================================
There was a crash.
This is the entire stack trace of all threads:
===========================================================

Thread 6 (Thread 0x2b664b3ca700 (LWP 232)):
#0  0x00002b662495de29 in syscall () from /lib64/libc.so.6
#1  0x00002b663d7f013d in XrdSys::LinuxSemaphore::Wait (this=0x14432c00) at /data/cmsbld/jenkins/workspace/auto-builds/CMSSW_11_1_0_pre7-slc7_amd64_gcc820/build/CMSSW_11_1_0_pre7-build/BUILD/slc7_amd64_gcc820/external/xrootd/4.10.0-bcolbf2/xrootd-4.10.0/src/./XrdSys/XrdSysLinuxSemaphore.hh:161
#2  XrdCl::SyncQueue<XrdCl::JobManager::JobHelper>::Get (this=0x1440feb8) at /data/cmsbld/jenkins/workspace/auto-builds/CMSSW_11_1_0_pre7-slc7_amd64_gcc820/build/CMSSW_11_1_0_pre7-build/BUILD/slc7_amd64_gcc820/external/xrootd/4.10.0-bcolbf2/xrootd-4.10.0/src/./XrdCl/XrdClSyncQueue.hh:67
#3  XrdCl::JobManager::RunJobs() () at /data/cmsbld/jenkins/workspace/auto-builds/CMSSW_11_1_0_pre7-slc7_amd64_gcc820/build/CMSSW_11_1_0_pre7-build/BUILD/slc7_amd64_gcc820/external/xrootd/4.10.0-bcolbf2/xrootd-4.10.0/src/XrdCl/XrdClJobManager.cc:146
#4  0x00002b663d7f02f9 in RunRunnerThread (arg=<optimized out>) at /data/cmsbld/jenkins/workspace/auto-builds/CMSSW_11_1_0_pre7-slc7_amd64_gcc820/build/CMSSW_11_1_0_pre7-build/BUILD/slc7_amd64_gcc820/external/xrootd/4.10.0-bcolbf2/xrootd-4.10.0/src/XrdCl/XrdClJobManager.cc:33
#5  0x00002b6623f47ea5 in start_thread () from /lib64/libpthread.so.0
#6  0x00002b6624963b0d in clone () from /lib64/libc.so.6

Thread 5 (Thread 0x2b664b1c9700 (LWP 231)):
#0  0x00002b662495de29 in syscall () from /lib64/libc.so.6
#1  0x00002b663d7f013d in XrdSys::LinuxSemaphore::Wait (this=0x14432c00) at /data/cmsbld/jenkins/workspace/auto-builds/CMSSW_11_1_0_pre7-slc7_amd64_gcc820/build/CMSSW_11_1_0_pre7-build/BUILD/slc7_amd64_gcc820/external/xrootd/4.10.0-bcolbf2/xrootd-4.10.0/src/./XrdSys/XrdSysLinuxSemaphore.hh:161
#2  XrdCl::SyncQueue<XrdCl::JobManager::JobHelper>::Get (this=0x1440feb8) at /data/cmsbld/jenkins/workspace/auto-builds/CMSSW_11_1_0_pre7-slc7_amd64_gcc820/build/CMSSW_11_1_0_pre7-build/BUILD/slc7_amd64_gcc820/external/xrootd/4.10.0-bcolbf2/xrootd-4.10.0/src/./XrdCl/XrdClSyncQueue.hh:67
#3  XrdCl::JobManager::RunJobs() () at /data/cmsbld/jenkins/workspace/auto-builds/CMSSW_11_1_0_pre7-slc7_amd64_gcc820/build/CMSSW_11_1_0_pre7-build/BUILD/slc7_amd64_gcc820/external/xrootd/4.10.0-bcolbf2/xrootd-4.10.0/src/XrdCl/XrdClJobManager.cc:146
#4  0x00002b663d7f02f9 in RunRunnerThread (arg=<optimized out>) at /data/cmsbld/jenkins/workspace/auto-builds/CMSSW_11_1_0_pre7-slc7_amd64_gcc820/build/CMSSW_11_1_0_pre7-build/BUILD/slc7_amd64_gcc820/external/xrootd/4.10.0-bcolbf2/xrootd-4.10.0/src/XrdCl/XrdClJobManager.cc:33
#5  0x00002b6623f47ea5 in start_thread () from /lib64/libpthread.so.0
#6  0x00002b6624963b0d in clone () from /lib64/libc.so.6

Thread 4 (Thread 0x2b664afc8700 (LWP 230)):
#0  0x00002b662495de29 in syscall () from /lib64/libc.so.6
#1  0x00002b663d7f013d in XrdSys::LinuxSemaphore::Wait (this=0x14432c00) at /data/cmsbld/jenkins/workspace/auto-builds/CMSSW_11_1_0_pre7-slc7_amd64_gcc820/build/CMSSW_11_1_0_pre7-build/BUILD/slc7_amd64_gcc820/external/xrootd/4.10.0-bcolbf2/xrootd-4.10.0/src/./XrdSys/XrdSysLinuxSemaphore.hh:161
#2  XrdCl::SyncQueue<XrdCl::JobManager::JobHelper>::Get (this=0x1440feb8) at /data/cmsbld/jenkins/workspace/auto-builds/CMSSW_11_1_0_pre7-slc7_amd64_gcc820/build/CMSSW_11_1_0_pre7-build/BUILD/slc7_amd64_gcc820/external/xrootd/4.10.0-bcolbf2/xrootd-4.10.0/src/./XrdCl/XrdClSyncQueue.hh:67
#3  XrdCl::JobManager::RunJobs() () at /data/cmsbld/jenkins/workspace/auto-builds/CMSSW_11_1_0_pre7-slc7_amd64_gcc820/build/CMSSW_11_1_0_pre7-build/BUILD/slc7_amd64_gcc820/external/xrootd/4.10.0-bcolbf2/xrootd-4.10.0/src/XrdCl/XrdClJobManager.cc:146
#4  0x00002b663d7f02f9 in RunRunnerThread (arg=<optimized out>) at /data/cmsbld/jenkins/workspace/auto-builds/CMSSW_11_1_0_pre7-slc7_amd64_gcc820/build/CMSSW_11_1_0_pre7-build/BUILD/slc7_amd64_gcc820/external/xrootd/4.10.0-bcolbf2/xrootd-4.10.0/src/XrdCl/XrdClJobManager.cc:33
#5  0x00002b6623f47ea5 in start_thread () from /lib64/libpthread.so.0
#6  0x00002b6624963b0d in clone () from /lib64/libc.so.6

Thread 3 (Thread 0x2b664adc7700 (LWP 229)):
#0  0x00002b6623f4ee9d in nanosleep () from /lib64/libpthread.so.0
#1  0x00002b663d62ba1d in XrdSysTimer::Wait (mills=<optimized out>) at /data/cmsbld/jenkins/workspace/auto-builds/CMSSW_11_1_0_pre7-slc7_amd64_gcc820/build/CMSSW_11_1_0_pre7-build/BUILD/slc7_amd64_gcc820/external/xrootd/4.10.0-bcolbf2/xrootd-4.10.0/src/XrdSys/XrdSysTimer.cc:239
#2  0x00002b663d7962f8 in XrdCl::TaskManager::RunTasks() () at /data/cmsbld/jenkins/workspace/auto-builds/CMSSW_11_1_0_pre7-slc7_amd64_gcc820/build/CMSSW_11_1_0_pre7-build/BUILD/slc7_amd64_gcc820/external/xrootd/4.10.0-bcolbf2/xrootd-4.10.0/src/XrdCl/XrdClTaskManager.cc:244
#3  0x00002b663d7963d9 in RunRunnerThread (arg=<optimized out>) at /data/cmsbld/jenkins/workspace/auto-builds/CMSSW_11_1_0_pre7-slc7_amd64_gcc820/build/CMSSW_11_1_0_pre7-build/BUILD/slc7_amd64_gcc820/external/xrootd/4.10.0-bcolbf2/xrootd-4.10.0/src/XrdCl/XrdClTaskManager.cc:37
#4  0x00002b6623f47ea5 in start_thread () from /lib64/libpthread.so.0
#5  0x00002b6624963b0d in clone () from /lib64/libc.so.6

Thread 2 (Thread 0x2b664abc6700 (LWP 228)):
#0  0x00002b66249640e3 in epoll_wait () from /lib64/libc.so.6
#1  0x00002b663d625d67 in XrdSys::IOEvents::PollE::Begin (syncsem=<optimized out>, retcode=<optimized out>, eTxt=<optimized out>, this=<optimized out>) at /data/cmsbld/jenkins/workspace/auto-builds/CMSSW_11_1_0_pre7-slc7_amd64_gcc820/build/CMSSW_11_1_0_pre7-build/BUILD/slc7_amd64_gcc820/external/xrootd/4.10.0-bcolbf2/xrootd-4.10.0/src/./XrdSys/XrdSysIOEventsPollE.icc:213
#2  XrdSys::IOEvents::PollE::Begin (this=0x14425260, syncsem=<optimized out>, retcode=<optimized out>, eTxt=<optimized out>) at /data/cmsbld/jenkins/workspace/auto-builds/CMSSW_11_1_0_pre7-slc7_amd64_gcc820/build/CMSSW_11_1_0_pre7-build/BUILD/slc7_amd64_gcc820/external/xrootd/4.10.0-bcolbf2/xrootd-4.10.0/src/./XrdSys/XrdSysIOEventsPollE.icc:197
#3  0x00002b663d622565 in XrdSys::IOEvents::BootStrap::Start(void*) () at /data/cmsbld/jenkins/workspace/auto-builds/CMSSW_11_1_0_pre7-slc7_amd64_gcc820/build/CMSSW_11_1_0_pre7-build/BUILD/slc7_amd64_gcc820/external/xrootd/4.10.0-bcolbf2/xrootd-4.10.0/src/XrdSys/XrdSysIOEvents.cc:131
#4  0x00002b663d62b208 in XrdSysThread_Xeq (myargs=0x1440af90) at /data/cmsbld/jenkins/workspace/auto-builds/CMSSW_11_1_0_pre7-slc7_amd64_gcc820/build/CMSSW_11_1_0_pre7-build/BUILD/slc7_amd64_gcc820/external/xrootd/4.10.0-bcolbf2/xrootd-4.10.0/src/XrdSys/XrdSysPthread.cc:86
#5  0x00002b6623f47ea5 in start_thread () from /lib64/libpthread.so.0
#6  0x00002b6624963b0d in clone () from /lib64/libc.so.6

Thread 1 (Thread 0x2b6623b5b3c0 (LWP 194)):
#0  0x00002b662492a659 in waitpid () from /lib64/libc.so.6
#1  0x00002b66248a7f62 in do_system () from /lib64/libc.so.6
#2  0x00002b66248a8311 in system () from /lib64/libc.so.6
#3  0x00002b6626a843c3 in TUnixSystem::StackTrace() () from /cvmfs/cms.cern.ch/slc7_amd64_gcc820/cms/cmssw/CMSSW_11_1_4/external/slc7_amd64_gcc820/lib/libCore.so
#4  0x00002b6626a86c14 in TUnixSystem::DispatchSignals(ESignals) () from /cvmfs/cms.cern.ch/slc7_amd64_gcc820/cms/cmssw/CMSSW_11_1_4/external/slc7_amd64_gcc820/lib/libCore.so
#5  <signal handler called>
#6  0x00002b664a8285a7 in BtagSF::setValues(long long) [clone .cold.218] () from /afs/cern.ch/user/g/gpizzati/CMSSW_11_1_4/src/PlotsConfigurations/Configurations/patches/btagsfpatch_cc.so
#7  0x00002b663c5dde8d in multidraw::FunctionLibrary::setEntry(long long) () from /afs/cern.ch/user/g/gpizzati/CMSSW_11_1_4/lib/slc7_amd64_gcc820/libLatinoAnalysisMultiDraw.so
#8  0x00002b663c5e236b in multidraw::MultiDraw::executeOne_(long, unsigned long, TChain&, multidraw::MultiDraw::SynchTools&, unsigned int, bool) () from /afs/cern.ch/user/g/gpizzati/CMSSW_11_1_4/lib/slc7_amd64_gcc820/libLatinoAnalysisMultiDraw.so
#9  0x00002b663c5e6d54 in multidraw::MultiDraw::execute(long, unsigned long) () from /afs/cern.ch/user/g/gpizzati/CMSSW_11_1_4/lib/slc7_amd64_gcc820/libLatinoAnalysisMultiDraw.so
#10 0x00002b664a9b20cc in ?? ()
#11 0x00000000143cb170 in ?? ()
#12 0x00002b6625950a0c in ROOT::TVirtualRWMutex::UnLock() () from /cvmfs/cms.cern.ch/slc7_amd64_gcc820/lcg/root/6.20.06-bcolbf/lib/libPyROOT.so
#13 0x00002b66287ee622 in ROOT::Internal::InterpreterMutexRegistrationRAII::~InterpreterMutexRegistrationRAII() () from /cvmfs/cms.cern.ch/slc7_amd64_gcc820/cms/cmssw/CMSSW_11_1_4/external/slc7_amd64_gcc820/lib/libCling.so
#14 0x00002b66287eb22f in TClingCallFunc::IFacePtr() () from /cvmfs/cms.cern.ch/slc7_amd64_gcc820/cms/cmssw/CMSSW_11_1_4/external/slc7_amd64_gcc820/lib/libCling.so
#15 0x00002b66259603b9 in FastCall(long, void*, void*, void*) () from /cvmfs/cms.cern.ch/slc7_amd64_gcc820/lcg/root/6.20.06-bcolbf/lib/libPyROOT.so
===========================================================


The lines below might hint at the cause of the crash.
You may get help by asking at the ROOT forum http://root.cern.ch/forum
Only if you are really convinced it is a bug in ROOT then please submit a
report at http://root.cern.ch/bugs Please post the ENTIRE stack trace
from above as an attachment in addition to anything else
that might help us fixing this issue.
===========================================================
#6  0x00002b664a8285a7 in BtagSF::setValues(long long) [clone .cold.218] () from /afs/cern.ch/user/g/gpizzati/CMSSW_11_1_4/src/PlotsConfigurations/Configurations/patches/btagsfpatch_cc.so
#7  0x00002b663c5dde8d in multidraw::FunctionLibrary::setEntry(long long) () from /afs/cern.ch/user/g/gpizzati/CMSSW_11_1_4/lib/slc7_amd64_gcc820/libLatinoAnalysisMultiDraw.so
#8  0x00002b663c5e236b in multidraw::MultiDraw::executeOne_(long, unsigned long, TChain&, multidraw::MultiDraw::SynchTools&, unsigned int, bool) () from /afs/cern.ch/user/g/gpizzati/CMSSW_11_1_4/lib/slc7_amd64_gcc820/libLatinoAnalysisMultiDraw.so
#9  0x00002b663c5e6d54 in multidraw::MultiDraw::execute(long, unsigned long) () from /afs/cern.ch/user/g/gpizzati/CMSSW_11_1_4/lib/slc7_amd64_gcc820/libLatinoAnalysisMultiDraw.so
#10 0x00002b664a9b20cc in ?? ()
#11 0x00000000143cb170 in ?? ()
#12 0x00002b6625950a0c in ROOT::TVirtualRWMutex::UnLock() () from /cvmfs/cms.cern.ch/slc7_amd64_gcc820/lcg/root/6.20.06-bcolbf/lib/libPyROOT.so
#13 0x00002b66287ee622 in ROOT::Internal::InterpreterMutexRegistrationRAII::~InterpreterMutexRegistrationRAII() () from /cvmfs/cms.cern.ch/slc7_amd64_gcc820/cms/cmssw/CMSSW_11_1_4/external/slc7_amd64_gcc820/lib/libCling.so
#14 0x00002b66287eb22f in TClingCallFunc::IFacePtr() () from /cvmfs/cms.cern.ch/slc7_amd64_gcc820/cms/cmssw/CMSSW_11_1_4/external/slc7_amd64_gcc820/lib/libCling.so
#15 0x00002b66259603b9 in FastCall(long, void*, void*, void*) () from /cvmfs/cms.cern.ch/slc7_amd64_gcc820/lcg/root/6.20.06-bcolbf/lib/libPyROOT.so
===========================================================


Traceback (most recent call last):
  File "/afs/cern.ch/user/g/gpizzati/nanoAOD_11/jobs//mkShapes__dnn_2018__ALL/Zjj.1/mkShapes__dnn_2018__ALL__Zjj.1.py", line 22, in <module>
    'ALL_Zjj.1',
  File "/afs/cern.ch/user/g/gpizzati/CMSSW_11_1_4/python/LatinoAnalysis/ShapeAnalysis/ShapeFactoryMulti.py", line 631, in makeNominals
    drawer.execute(nevents, firstEvent)
SystemError: void multidraw::MultiDraw::execute(long nEntries = -1, unsigned long firstEntry = 0) =>
    problem in C++; program state has been reset

 *** Break *** segmentation violation



===========================================================
There was a crash.
This is the entire stack trace of all threads:
===========================================================

Thread 6 (Thread 0x2b664b3ca700 (LWP 232)):
#0  0x00002b662495de29 in syscall () from /lib64/libc.so.6
#1  0x00002b663d7f013d in XrdSys::LinuxSemaphore::Wait (this=0x14432c00) at /data/cmsbld/jenkins/workspace/auto-builds/CMSSW_11_1_0_pre7-slc7_amd64_gcc820/build/CMSSW_11_1_0_pre7-build/BUILD/slc7_amd64_gcc820/external/xrootd/4.10.0-bcolbf2/xrootd-4.10.0/src/./XrdSys/XrdSysLinuxSemaphore.hh:161
#2  XrdCl::SyncQueue<XrdCl::JobManager::JobHelper>::Get (this=0x1440feb8) at /data/cmsbld/jenkins/workspace/auto-builds/CMSSW_11_1_0_pre7-slc7_amd64_gcc820/build/CMSSW_11_1_0_pre7-build/BUILD/slc7_amd64_gcc820/external/xrootd/4.10.0-bcolbf2/xrootd-4.10.0/src/./XrdCl/XrdClSyncQueue.hh:67
#3  XrdCl::JobManager::RunJobs() () at /data/cmsbld/jenkins/workspace/auto-builds/CMSSW_11_1_0_pre7-slc7_amd64_gcc820/build/CMSSW_11_1_0_pre7-build/BUILD/slc7_amd64_gcc820/external/xrootd/4.10.0-bcolbf2/xrootd-4.10.0/src/XrdCl/XrdClJobManager.cc:146
#4  0x00002b663d7f02f9 in RunRunnerThread (arg=<optimized out>) at /data/cmsbld/jenkins/workspace/auto-builds/CMSSW_11_1_0_pre7-slc7_amd64_gcc820/build/CMSSW_11_1_0_pre7-build/BUILD/slc7_amd64_gcc820/external/xrootd/4.10.0-bcolbf2/xrootd-4.10.0/src/XrdCl/XrdClJobManager.cc:33
#5  0x00002b6623f47ea5 in start_thread () from /lib64/libpthread.so.0
#6  0x00002b6624963b0d in clone () from /lib64/libc.so.6

Thread 5 (Thread 0x2b664b1c9700 (LWP 231)):
#0  0x00002b662495de29 in syscall () from /lib64/libc.so.6
#1  0x00002b663d7f013d in XrdSys::LinuxSemaphore::Wait (this=0x14432c00) at /data/cmsbld/jenkins/workspace/auto-builds/CMSSW_11_1_0_pre7-slc7_amd64_gcc820/build/CMSSW_11_1_0_pre7-build/BUILD/slc7_amd64_gcc820/external/xrootd/4.10.0-bcolbf2/xrootd-4.10.0/src/./XrdSys/XrdSysLinuxSemaphore.hh:161
#2  XrdCl::SyncQueue<XrdCl::JobManager::JobHelper>::Get (this=0x1440feb8) at /data/cmsbld/jenkins/workspace/auto-builds/CMSSW_11_1_0_pre7-slc7_amd64_gcc820/build/CMSSW_11_1_0_pre7-build/BUILD/slc7_amd64_gcc820/external/xrootd/4.10.0-bcolbf2/xrootd-4.10.0/src/./XrdCl/XrdClSyncQueue.hh:67
#3  XrdCl::JobManager::RunJobs() () at /data/cmsbld/jenkins/workspace/auto-builds/CMSSW_11_1_0_pre7-slc7_amd64_gcc820/build/CMSSW_11_1_0_pre7-build/BUILD/slc7_amd64_gcc820/external/xrootd/4.10.0-bcolbf2/xrootd-4.10.0/src/XrdCl/XrdClJobManager.cc:146
#4  0x00002b663d7f02f9 in RunRunnerThread (arg=<optimized out>) at /data/cmsbld/jenkins/workspace/auto-builds/CMSSW_11_1_0_pre7-slc7_amd64_gcc820/build/CMSSW_11_1_0_pre7-build/BUILD/slc7_amd64_gcc820/external/xrootd/4.10.0-bcolbf2/xrootd-4.10.0/src/XrdCl/XrdClJobManager.cc:33
#5  0x00002b6623f47ea5 in start_thread () from /lib64/libpthread.so.0
#6  0x00002b6624963b0d in clone () from /lib64/libc.so.6

Thread 4 (Thread 0x2b664afc8700 (LWP 230)):
#0  0x00002b662495de29 in syscall () from /lib64/libc.so.6
#1  0x00002b663d7f013d in XrdSys::LinuxSemaphore::Wait (this=0x14432c00) at /data/cmsbld/jenkins/workspace/auto-builds/CMSSW_11_1_0_pre7-slc7_amd64_gcc820/build/CMSSW_11_1_0_pre7-build/BUILD/slc7_amd64_gcc820/external/xrootd/4.10.0-bcolbf2/xrootd-4.10.0/src/./XrdSys/XrdSysLinuxSemaphore.hh:161
#2  XrdCl::SyncQueue<XrdCl::JobManager::JobHelper>::Get (this=0x1440feb8) at /data/cmsbld/jenkins/workspace/auto-builds/CMSSW_11_1_0_pre7-slc7_amd64_gcc820/build/CMSSW_11_1_0_pre7-build/BUILD/slc7_amd64_gcc820/external/xrootd/4.10.0-bcolbf2/xrootd-4.10.0/src/./XrdCl/XrdClSyncQueue.hh:67
#3  XrdCl::JobManager::RunJobs() () at /data/cmsbld/jenkins/workspace/auto-builds/CMSSW_11_1_0_pre7-slc7_amd64_gcc820/build/CMSSW_11_1_0_pre7-build/BUILD/slc7_amd64_gcc820/external/xrootd/4.10.0-bcolbf2/xrootd-4.10.0/src/XrdCl/XrdClJobManager.cc:146
#4  0x00002b663d7f02f9 in RunRunnerThread (arg=<optimized out>) at /data/cmsbld/jenkins/workspace/auto-builds/CMSSW_11_1_0_pre7-slc7_amd64_gcc820/build/CMSSW_11_1_0_pre7-build/BUILD/slc7_amd64_gcc820/external/xrootd/4.10.0-bcolbf2/xrootd-4.10.0/src/XrdCl/XrdClJobManager.cc:33
#5  0x00002b6623f47ea5 in start_thread () from /lib64/libpthread.so.0
#6  0x00002b6624963b0d in clone () from /lib64/libc.so.6

Thread 3 (Thread 0x2b664adc7700 (LWP 229)):
#0  0x00002b6623f4ee9d in nanosleep () from /lib64/libpthread.so.0
#1  0x00002b663d62ba1d in XrdSysTimer::Wait (mills=<optimized out>) at /data/cmsbld/jenkins/workspace/auto-builds/CMSSW_11_1_0_pre7-slc7_amd64_gcc820/build/CMSSW_11_1_0_pre7-build/BUILD/slc7_amd64_gcc820/external/xrootd/4.10.0-bcolbf2/xrootd-4.10.0/src/XrdSys/XrdSysTimer.cc:239
#2  0x00002b663d7962f8 in XrdCl::TaskManager::RunTasks() () at /data/cmsbld/jenkins/workspace/auto-builds/CMSSW_11_1_0_pre7-slc7_amd64_gcc820/build/CMSSW_11_1_0_pre7-build/BUILD/slc7_amd64_gcc820/external/xrootd/4.10.0-bcolbf2/xrootd-4.10.0/src/XrdCl/XrdClTaskManager.cc:244
#3  0x00002b663d7963d9 in RunRunnerThread (arg=<optimized out>) at /data/cmsbld/jenkins/workspace/auto-builds/CMSSW_11_1_0_pre7-slc7_amd64_gcc820/build/CMSSW_11_1_0_pre7-build/BUILD/slc7_amd64_gcc820/external/xrootd/4.10.0-bcolbf2/xrootd-4.10.0/src/XrdCl/XrdClTaskManager.cc:37
#4  0x00002b6623f47ea5 in start_thread () from /lib64/libpthread.so.0
#5  0x00002b6624963b0d in clone () from /lib64/libc.so.6

Thread 2 (Thread 0x2b664abc6700 (LWP 228)):
#0  0x00002b66249640e3 in epoll_wait () from /lib64/libc.so.6
#1  0x00002b663d625d67 in XrdSys::IOEvents::PollE::Begin (syncsem=<optimized out>, retcode=<optimized out>, eTxt=<optimized out>, this=<optimized out>) at /data/cmsbld/jenkins/workspace/auto-builds/CMSSW_11_1_0_pre7-slc7_amd64_gcc820/build/CMSSW_11_1_0_pre7-build/BUILD/slc7_amd64_gcc820/external/xrootd/4.10.0-bcolbf2/xrootd-4.10.0/src/./XrdSys/XrdSysIOEventsPollE.icc:213
#2  XrdSys::IOEvents::PollE::Begin (this=0x14425260, syncsem=<optimized out>, retcode=<optimized out>, eTxt=<optimized out>) at /data/cmsbld/jenkins/workspace/auto-builds/CMSSW_11_1_0_pre7-slc7_amd64_gcc820/build/CMSSW_11_1_0_pre7-build/BUILD/slc7_amd64_gcc820/external/xrootd/4.10.0-bcolbf2/xrootd-4.10.0/src/./XrdSys/XrdSysIOEventsPollE.icc:197
#3  0x00002b663d622565 in XrdSys::IOEvents::BootStrap::Start(void*) () at /data/cmsbld/jenkins/workspace/auto-builds/CMSSW_11_1_0_pre7-slc7_amd64_gcc820/build/CMSSW_11_1_0_pre7-build/BUILD/slc7_amd64_gcc820/external/xrootd/4.10.0-bcolbf2/xrootd-4.10.0/src/XrdSys/XrdSysIOEvents.cc:131
#4  0x00002b663d62b208 in XrdSysThread_Xeq (myargs=0x1440af90) at /data/cmsbld/jenkins/workspace/auto-builds/CMSSW_11_1_0_pre7-slc7_amd64_gcc820/build/CMSSW_11_1_0_pre7-build/BUILD/slc7_amd64_gcc820/external/xrootd/4.10.0-bcolbf2/xrootd-4.10.0/src/XrdSys/XrdSysPthread.cc:86
#5  0x00002b6623f47ea5 in start_thread () from /lib64/libpthread.so.0
#6  0x00002b6624963b0d in clone () from /lib64/libc.so.6

Thread 1 (Thread 0x2b6623b5b3c0 (LWP 194)):
#0  0x00002b662492a659 in waitpid () from /lib64/libc.so.6
#1  0x00002b66248a7f62 in do_system () from /lib64/libc.so.6
#2  0x00002b66248a8311 in system () from /lib64/libc.so.6
#3  0x00002b6626a843c3 in TUnixSystem::StackTrace() () from /cvmfs/cms.cern.ch/slc7_amd64_gcc820/cms/cmssw/CMSSW_11_1_4/external/slc7_amd64_gcc820/lib/libCore.so
#4  0x00002b6626a86c14 in TUnixSystem::DispatchSignals(ESignals) () from /cvmfs/cms.cern.ch/slc7_amd64_gcc820/cms/cmssw/CMSSW_11_1_4/external/slc7_amd64_gcc820/lib/libCore.so
#5  <signal handler called>
#6  0x00002b66269ebd4e in TList::FindObject(TObject const*) const () from /cvmfs/cms.cern.ch/slc7_amd64_gcc820/cms/cmssw/CMSSW_11_1_4/external/slc7_amd64_gcc820/lib/libCore.so
#7  0x00002b66269e97be in THashTable::FindObject(TObject const*) const () from /cvmfs/cms.cern.ch/slc7_amd64_gcc820/cms/cmssw/CMSSW_11_1_4/external/slc7_amd64_gcc820/lib/libCore.so
#8  0x00002b66269e88f5 in THashList::RecursiveRemove(TObject*) () from /cvmfs/cms.cern.ch/slc7_amd64_gcc820/cms/cmssw/CMSSW_11_1_4/external/slc7_amd64_gcc820/lib/libCore.so
#9  0x00002b662693a8f0 in TROOT::RecursiveRemove(TObject*) () from /cvmfs/cms.cern.ch/slc7_amd64_gcc820/cms/cmssw/CMSSW_11_1_4/external/slc7_amd64_gcc820/lib/libCore.so
#10 0x00002b662697cc78 in TNamed::~TNamed() () from /cvmfs/cms.cern.ch/slc7_amd64_gcc820/cms/cmssw/CMSSW_11_1_4/external/slc7_amd64_gcc820/lib/libCore.so
#11 0x00002b66260f41c9 in TLeafI::~TLeafI() () from /cvmfs/cms.cern.ch/slc7_amd64_gcc820/cms/cmssw/CMSSW_11_1_4/external/slc7_amd64_gcc820/lib/libTree.so
#12 0x00002b66269f86b8 in TObjArray::Delete(char const*) () from /cvmfs/cms.cern.ch/slc7_amd64_gcc820/cms/cmssw/CMSSW_11_1_4/external/slc7_amd64_gcc820/lib/libCore.so
#13 0x00002b66260ad6f1 in TBranch::~TBranch() () from /cvmfs/cms.cern.ch/slc7_amd64_gcc820/cms/cmssw/CMSSW_11_1_4/external/slc7_amd64_gcc820/lib/libTree.so
#14 0x00002b66260ad8b9 in TBranch::~TBranch() () from /cvmfs/cms.cern.ch/slc7_amd64_gcc820/cms/cmssw/CMSSW_11_1_4/external/slc7_amd64_gcc820/lib/libTree.so
#15 0x00002b66269f86b8 in TObjArray::Delete(char const*) () from /cvmfs/cms.cern.ch/slc7_amd64_gcc820/cms/cmssw/CMSSW_11_1_4/external/slc7_amd64_gcc820/lib/libCore.so
#16 0x00002b662611c210 in TTree::~TTree() () from /cvmfs/cms.cern.ch/slc7_amd64_gcc820/cms/cmssw/CMSSW_11_1_4/external/slc7_amd64_gcc820/lib/libTree.so
#17 0x00002b662611c629 in TTree::~TTree() () from /cvmfs/cms.cern.ch/slc7_amd64_gcc820/cms/cmssw/CMSSW_11_1_4/external/slc7_amd64_gcc820/lib/libTree.so
#18 0x00002b66269f2978 in TList::Delete(char const*) () from /cvmfs/cms.cern.ch/slc7_amd64_gcc820/cms/cmssw/CMSSW_11_1_4/external/slc7_amd64_gcc820/lib/libCore.so
#19 0x00002b66269e8d6b in THashList::Delete(char const*) () from /cvmfs/cms.cern.ch/slc7_amd64_gcc820/cms/cmssw/CMSSW_11_1_4/external/slc7_amd64_gcc820/lib/libCore.so
#20 0x00002b6626518b44 in TDirectoryFile::Close(char const*) () from /cvmfs/cms.cern.ch/slc7_amd64_gcc820/cms/cmssw/CMSSW_11_1_4/external/slc7_amd64_gcc820/lib/libRIO.so
#21 0x00002b6626535546 in TFile::Close(char const*) () from /cvmfs/cms.cern.ch/slc7_amd64_gcc820/cms/cmssw/CMSSW_11_1_4/external/slc7_amd64_gcc820/lib/libRIO.so
#22 0x00002b663d5e68b0 in TNetXNGFile::Close(char const*) () from /cvmfs/cms.cern.ch/slc7_amd64_gcc820/cms/cmssw/CMSSW_11_1_4/external/slc7_amd64_gcc820/lib/libNetxNG.so
#23 0x00002b662693b601 in (anonymous namespace)::R__ListSlowClose(TList*) () from /cvmfs/cms.cern.ch/slc7_amd64_gcc820/cms/cmssw/CMSSW_11_1_4/external/slc7_amd64_gcc820/lib/libCore.so
#24 0x00002b662693bf14 in TROOT::CloseFiles() () from /cvmfs/cms.cern.ch/slc7_amd64_gcc820/cms/cmssw/CMSSW_11_1_4/external/slc7_amd64_gcc820/lib/libCore.so
#25 0x00002b662693c5d2 in TROOT::EndOfProcessCleanups() () from /cvmfs/cms.cern.ch/slc7_amd64_gcc820/cms/cmssw/CMSSW_11_1_4/external/slc7_amd64_gcc820/lib/libCore.so
#26 0x00002b66696b402a in ?? ()
#27 0x0000000000000000 in ?? ()
===========================================================


The lines below might hint at the cause of the crash.
You may get help by asking at the ROOT forum http://root.cern.ch/forum
Only if you are really convinced it is a bug in ROOT then please submit a
report at http://root.cern.ch/bugs Please post the ENTIRE stack trace
from above as an attachment in addition to anything else
that might help us fixing this issue.
===========================================================
#6  0x00002b66269ebd4e in TList::FindObject(TObject const*) const () from /cvmfs/cms.cern.ch/slc7_amd64_gcc820/cms/cmssw/CMSSW_11_1_4/external/slc7_amd64_gcc820/lib/libCore.so
#7  0x00002b66269e97be in THashTable::FindObject(TObject const*) const () from /cvmfs/cms.cern.ch/slc7_amd64_gcc820/cms/cmssw/CMSSW_11_1_4/external/slc7_amd64_gcc820/lib/libCore.so
#8  0x00002b66269e88f5 in THashList::RecursiveRemove(TObject*) () from /cvmfs/cms.cern.ch/slc7_amd64_gcc820/cms/cmssw/CMSSW_11_1_4/external/slc7_amd64_gcc820/lib/libCore.so
#9  0x00002b662693a8f0 in TROOT::RecursiveRemove(TObject*) () from /cvmfs/cms.cern.ch/slc7_amd64_gcc820/cms/cmssw/CMSSW_11_1_4/external/slc7_amd64_gcc820/lib/libCore.so
#10 0x00002b662697cc78 in TNamed::~TNamed() () from /cvmfs/cms.cern.ch/slc7_amd64_gcc820/cms/cmssw/CMSSW_11_1_4/external/slc7_amd64_gcc820/lib/libCore.so
#11 0x00002b66260f41c9 in TLeafI::~TLeafI() () from /cvmfs/cms.cern.ch/slc7_amd64_gcc820/cms/cmssw/CMSSW_11_1_4/external/slc7_amd64_gcc820/lib/libTree.so
#12 0x00002b66269f86b8 in TObjArray::Delete(char const*) () from /cvmfs/cms.cern.ch/slc7_amd64_gcc820/cms/cmssw/CMSSW_11_1_4/external/slc7_amd64_gcc820/lib/libCore.so
#13 0x00002b66260ad6f1 in TBranch::~TBranch() () from /cvmfs/cms.cern.ch/slc7_amd64_gcc820/cms/cmssw/CMSSW_11_1_4/external/slc7_amd64_gcc820/lib/libTree.so
#14 0x00002b66260ad8b9 in TBranch::~TBranch() () from /cvmfs/cms.cern.ch/slc7_amd64_gcc820/cms/cmssw/CMSSW_11_1_4/external/slc7_amd64_gcc820/lib/libTree.so
#15 0x00002b66269f86b8 in TObjArray::Delete(char const*) () from /cvmfs/cms.cern.ch/slc7_amd64_gcc820/cms/cmssw/CMSSW_11_1_4/external/slc7_amd64_gcc820/lib/libCore.so
#16 0x00002b662611c210 in TTree::~TTree() () from /cvmfs/cms.cern.ch/slc7_amd64_gcc820/cms/cmssw/CMSSW_11_1_4/external/slc7_amd64_gcc820/lib/libTree.so
#17 0x00002b662611c629 in TTree::~TTree() () from /cvmfs/cms.cern.ch/slc7_amd64_gcc820/cms/cmssw/CMSSW_11_1_4/external/slc7_amd64_gcc820/lib/libTree.so
#18 0x00002b66269f2978 in TList::Delete(char const*) () from /cvmfs/cms.cern.ch/slc7_amd64_gcc820/cms/cmssw/CMSSW_11_1_4/external/slc7_amd64_gcc820/lib/libCore.so
#19 0x00002b66269e8d6b in THashList::Delete(char const*) () from /cvmfs/cms.cern.ch/slc7_amd64_gcc820/cms/cmssw/CMSSW_11_1_4/external/slc7_amd64_gcc820/lib/libCore.so
#20 0x00002b6626518b44 in TDirectoryFile::Close(char const*) () from /cvmfs/cms.cern.ch/slc7_amd64_gcc820/cms/cmssw/CMSSW_11_1_4/external/slc7_amd64_gcc820/lib/libRIO.so
#21 0x00002b6626535546 in TFile::Close(char const*) () from /cvmfs/cms.cern.ch/slc7_amd64_gcc820/cms/cmssw/CMSSW_11_1_4/external/slc7_amd64_gcc820/lib/libRIO.so
#22 0x00002b663d5e68b0 in TNetXNGFile::Close(char const*) () from /cvmfs/cms.cern.ch/slc7_amd64_gcc820/cms/cmssw/CMSSW_11_1_4/external/slc7_amd64_gcc820/lib/libNetxNG.so
#23 0x00002b662693b601 in (anonymous namespace)::R__ListSlowClose(TList*) () from /cvmfs/cms.cern.ch/slc7_amd64_gcc820/cms/cmssw/CMSSW_11_1_4/external/slc7_amd64_gcc820/lib/libCore.so
#24 0x00002b662693bf14 in TROOT::CloseFiles() () from /cvmfs/cms.cern.ch/slc7_amd64_gcc820/cms/cmssw/CMSSW_11_1_4/external/slc7_amd64_gcc820/lib/libCore.so
#25 0x00002b662693c5d2 in TROOT::EndOfProcessCleanups() () from /cvmfs/cms.cern.ch/slc7_amd64_gcc820/cms/cmssw/CMSSW_11_1_4/external/slc7_amd64_gcc820/lib/libCore.so
#26 0x00002b66696b402a in ?? ()
#27 0x0000000000000000 in ?? ()
===========================================================


Error in atexit._run_exitfuncs:
Traceback (most recent call last):
  File "/cvmfs/cms.cern.ch/slc7_amd64_gcc820/external/python/2.7.15-bcolbf2/lib/python2.7/atexit.py", line 24, in _run_exitfuncs
    func(*targs, **kargs)
  File "/cvmfs/cms.cern.ch/slc7_amd64_gcc820/lcg/root/6.20.06-bcolbf/lib/ROOT.py", line 881, in cleanup
    pyroot_backend.gROOT.EndOfProcessCleanups()
SystemError: void TROOT::EndOfProcessCleanups() =>
    problem in C++; program state has been reset
Error in sys.exitfunc:
Traceback (most recent call last):
  File "/cvmfs/cms.cern.ch/slc7_amd64_gcc820/external/python/2.7.15-bcolbf2/lib/python2.7/atexit.py", line 24, in _run_exitfuncs
    func(*targs, **kargs)
  File "/cvmfs/cms.cern.ch/slc7_amd64_gcc820/lcg/root/6.20.06-bcolbf/lib/ROOT.py", line 881, in cleanup
    pyroot_backend.gROOT.EndOfProcessCleanups()
SystemError: void TROOT::EndOfProcessCleanups() =>
    problem in C++; program state has been reset
