subject   : /DC=ch/DC=cern/OU=Organic Units/OU=Users/CN=gpizzati/CN=855093/CN=Giorgio Pizzati/CN=1006744108
issuer    : /DC=ch/DC=cern/OU=Organic Units/OU=Users/CN=gpizzati/CN=855093/CN=Giorgio Pizzati
identity  : /DC=ch/DC=cern/OU=Organic Units/OU=Users/CN=gpizzati/CN=855093/CN=Giorgio Pizzati
type      : RFC3820 compliant impersonation proxy
strength  : 2048
path      : /afs/cern.ch/user/g/gpizzati/.proxy
timeleft  : 00:00:00
key usage : Digital Signature, Key Encipherment
/pool/condor/dir_58006/tmp
======================
==== makeNominals ====
======================
(int) 1
(int) 0
 supercut =  ((Lepton_pdgId[0]*Lepton_pdgId[1] == -11*11) || (Lepton_pdgId[0]*Lepton_pdgId[1] == -13*13))             && multiJet             && abs(mll-91.1876)<15             && mjj>200           
 outputFileName =  /afs/cern.ch/user/g/gpizzati/CMSSW_11_1_4/src/PlotsConfigurations/Configurations/VBF_Zjj/dnn2018/rootFile/plots_dnn_2018_ALL_Zjj.0.root

  <cuts>
cut =  notTop  ::  {'expr': 'bVeto', 'categories': {'total': '1'}}

  <variables>
    variable = dnn_output :: DNNoutput_notTop
      range: (10, 0, 1)

  <nuisances>
    nuisance = lumi_Uncorrelated :: lumi_13TeV_2018
      type: lnN
    nuisance = lumi_correlated :: lumi_13TeV_correlated
      type: lnN
    nuisance = lumi_correlated_1718 :: lumi_13TeV_correlated_1718
      type: lnN

  <start histogram filling>
    sample = Zjj
    name: ['###root://eoscms.cern.ch//eos/cms/store/group/phys_higgs/cmshww/amassiro/HWWNano/Autumn18_102X_nAODv7_Full2018v7/MCl1loose2018v7__MCCorr2018v7__l2loose__l2tightOR2018v7/nanoLatino_EWKZ2Jets_ZToLL_M-50__part0.root']
    outputFormat: {sample}{subsample}{nuisance}
  connectInputs from ./data/
  (1 files)

    cut = notTop :: bVeto
    categories = total

Start nominal histogram fill
 Adding alias LepWPCut = LepCut2l__ele_mvaFall17V1Iso_WP90__mu_cut_Tight_HWWW_tthmva_80 (multiplicity 0)
 Adding alias PromptGenLepMatch2l = Alt$(Lepton_promptgenmatched[0]*Lepton_promptgenmatched[1], 0) (multiplicity 0)
 Adding alias nCleanGenJet = [CountGenJet (multiplicity 0)
 Adding alias zeroJet = Alt$(CleanJet_pt[0], 0) < 30. (multiplicity 0)
 Adding alias oneJet = Alt$(CleanJet_pt[0], 0) > 30. (multiplicity 0)
 Adding alias multiJet = Alt$(CleanJet_pt[1], 0) > 30. (multiplicity 0)
 Adding alias bVeto = Sum$(CleanJet_pt > 20. && abs(CleanJet_eta) < 2.5 && Jet_btagDeepFlavB[CleanJet_jetIdx] >  0.0494) == 0 (multiplicity 0)
 Adding alias bReq = Sum$(CleanJet_pt > 30. && abs(CleanJet_eta) < 2.5 && Jet_btagDeepFlavB[CleanJet_jetIdx] >  0.0494) >= 1 (multiplicity 0)
 Adding alias SameFlav = (Lepton_pdgId[0]*Lepton_pdgId[1] == -11*11) || (Lepton_pdgId[0]*Lepton_pdgId[1] == -13*13) (multiplicity -1)
 Adding alias DiffFlav = Lepton_pdgId[0]*Lepton_pdgId[1] == -11*13 (multiplicity -1)
 Adding alias topcr = !bVeto (multiplicity 0)
 Adding alias wwcr = bVeto && PuppiMET_pt>100 (multiplicity 0)
 Adding alias dycr = bVeto && PuppiMET_pt<=100 && detajj<3 (multiplicity 0)
 Adding alias dypucr = bVeto && PuppiMET_pt<=100 && detajj>=3 && ptll<60 (multiplicity 0)
 Adding alias sr = bVeto && PuppiMET_pt<=100 && detajj>=3 && ptll>60 (multiplicity 0)
 Adding alias ZeppenfeldDilepton = (0.5*((Lepton_eta[0] + Lepton_eta[1]) - (CleanJet_eta[0] + CleanJet_eta[1]))/abs(CleanJet_eta[0] - CleanJet_eta[1])) (multiplicity -1)
 Adding alias ZeppenfeldLeadingLepton = (Lepton_eta[0] - 0.5*(CleanJet_eta[0] + CleanJet_eta[1]))/abs(CleanJet_eta[0] - CleanJet_eta[1]) (multiplicity -1)
 Adding alias LowZ = abs(ZeppenfeldDilepton) < 0.5 (multiplicity 1)
 Adding alias HighZ = abs(ZeppenfeldDilepton) >=1.5 (multiplicity 1)
 Adding alias Lepton_eta1 = Alt$(Lepton_eta[0],-9999.) (multiplicity 0)
 Adding alias Lepton_eta2 = Alt$(Lepton_eta[1],-9999.) (multiplicity 0)
 Adding alias deltaphill = TMath::Abs(Alt$(Lepton_phi[0],-9999.)-Alt$(Lepton_phi[1],-9999.)) (multiplicity 0)
 Adding alias deltaetall = TMath::Abs(Alt$(Lepton_eta[0],-9999.)-Alt$(Lepton_eta[1],-9999.)) (multiplicity 0)
 Adding alias met = PuppiMET_pt (multiplicity 0)
 Adding alias ptj1 = Alt$(CleanJet_pt[0],-9999.) (multiplicity 0)
 Adding alias deltaphijj = TMath::Abs(Alt$(CleanJet_phi[0],-9999.)-Alt$(CleanJet_phi[1],-9999.)) (multiplicity 0)
 Adding alias R_j1l1 = TMath::Sqrt(TMath::Power(Alt$(CleanJet_eta[0],-9999.)-Alt$(Lepton_eta[0],-9999.),2)+TMath::Power(Alt$(CleanJet_phi[0],-9999.)-Alt$(Lepton_phi[0],-9999.),2)) (multiplicity 0)
 Adding alias R_j2l1 = TMath::Sqrt(TMath::Power(Alt$(CleanJet_eta[1],-9999.)-Alt$(Lepton_eta[0],-9999.),2)+TMath::Power(Alt$(CleanJet_phi[1],-9999.)-Alt$(Lepton_phi[0],-9999.),2)) (multiplicity 0)
 Adding alias R_j1l2 = TMath::Sqrt(TMath::Power(Alt$(CleanJet_eta[0],-9999.)-Alt$(Lepton_eta[1],-9999.),2)+TMath::Power(Alt$(CleanJet_phi[0],-9999.)-Alt$(Lepton_phi[1],-9999.),2)) (multiplicity 0)
 Adding alias R_j2l2 = TMath::Sqrt(TMath::Power(Alt$(CleanJet_eta[1],-9999.)-Alt$(Lepton_eta[1],-9999.),2)+TMath::Power(Alt$(CleanJet_phi[1],-9999.)-Alt$(Lepton_phi[1],-9999.),2)) (multiplicity 0)
 Adding alias cut_index = (bVeto && multiJet && ((Lepton_pdgId[0]*Lepton_pdgId[1] == -11*11) || (Lepton_pdgId[0]*Lepton_pdgId[1] == -13*13))) (multiplicity -1)
 Adding alias DNNoutput_notTop = [MVAReader_notTop (multiplicity 0)
 Adding alias DNNoutput = (bVeto)*(DNNoutput_notTop) (multiplicity 0)
Loading data for deepjet from /afs/cern.ch/user/g/gpizzati/CMSSW_11_1_4/src/PhysicsTools/NanoAODTools/data/btagSF/DeepJet_102XSF_V2.csv
  done.
 Adding alias Jet_btagSF_deepflav_shape = [BtagSF (multiplicity 1)
 Adding alias bVetoSF = TMath::Exp(Sum$(TMath::Log((CleanJet_pt>20 && abs(CleanJet_eta)<2.5)*Jet_btagSF_deepflav_shape[CleanJet_jetIdx]+1*(CleanJet_pt<20 || abs(CleanJet_eta)>2.5)))) (multiplicity 0)
 Adding alias bReqSF = TMath::Exp(Sum$(TMath::Log((CleanJet_pt>30 && abs(CleanJet_eta)<2.5)*Jet_btagSF_deepflav_shape[CleanJet_jetIdx]+1*(CleanJet_pt<30 || abs(CleanJet_eta)>2.5)))) (multiplicity 0)
 Adding alias btagSF = (bVeto || (topcr && zeroJet))*bVetoSF + (topcr && !zeroJet)*bReqSF (multiplicity 0)
 Adding alias Jet_btagSF_deepflav_shape_up_jes = [BtagSF (multiplicity 1)
 Adding alias Jet_btagSF_deepflav_shape_down_jes = [BtagSF (multiplicity 1)
 Adding alias bVetoSFjesup = TMath::Exp(Sum$(TMath::Log((CleanJet_pt>20 && abs(CleanJet_eta)<2.5)*Jet_btagSF_deepflav_shape_up_jes[CleanJet_jetIdx]+1*(CleanJet_pt<20 || abs(CleanJet_eta)>2.5)))) (multiplicity 0)
 Adding alias bVetoSFjesdown = TMath::Exp(Sum$(TMath::Log((CleanJet_pt>20 && abs(CleanJet_eta)<2.5)*Jet_btagSF_deepflav_shape_down_jes[CleanJet_jetIdx]+1*(CleanJet_pt<20 || abs(CleanJet_eta)>2.5)))) (multiplicity 0)
 Adding alias bReqSFjesup = TMath::Exp(Sum$(TMath::Log((CleanJet_pt>30 && abs(CleanJet_eta)<2.5)*Jet_btagSF_deepflav_shape_up_jes[CleanJet_jetIdx]+1*(CleanJet_pt<30 || abs(CleanJet_eta)>2.5)))) (multiplicity 0)
 Adding alias bReqSFjesdown = TMath::Exp(Sum$(TMath::Log((CleanJet_pt>30 && abs(CleanJet_eta)<2.5)*Jet_btagSF_deepflav_shape_down_jes[CleanJet_jetIdx]+1*(CleanJet_pt<30 || abs(CleanJet_eta)>2.5)))) (multiplicity 0)
 Adding alias btagSFjesup = (bVeto || (topcr && zeroJet))*bVetoSFjesup + (topcr && !zeroJet)*bReqSFjesup (multiplicity 0)
 Adding alias btagSFjesdown = (bVeto || (topcr && zeroJet))*bVetoSFjesdown + (topcr && !zeroJet)*bReqSFjesdown (multiplicity 0)
 Adding alias Jet_btagSF_deepflav_shape_up_lf = [BtagSF (multiplicity 1)
 Adding alias Jet_btagSF_deepflav_shape_down_lf = [BtagSF (multiplicity 1)
 Adding alias bVetoSFlfup = TMath::Exp(Sum$(TMath::Log((CleanJet_pt>20 && abs(CleanJet_eta)<2.5)*Jet_btagSF_deepflav_shape_up_lf[CleanJet_jetIdx]+1*(CleanJet_pt<20 || abs(CleanJet_eta)>2.5)))) (multiplicity 0)
 Adding alias bVetoSFlfdown = TMath::Exp(Sum$(TMath::Log((CleanJet_pt>20 && abs(CleanJet_eta)<2.5)*Jet_btagSF_deepflav_shape_down_lf[CleanJet_jetIdx]+1*(CleanJet_pt<20 || abs(CleanJet_eta)>2.5)))) (multiplicity 0)
 Adding alias bReqSFlfup = TMath::Exp(Sum$(TMath::Log((CleanJet_pt>30 && abs(CleanJet_eta)<2.5)*Jet_btagSF_deepflav_shape_up_lf[CleanJet_jetIdx]+1*(CleanJet_pt<30 || abs(CleanJet_eta)>2.5)))) (multiplicity 0)
 Adding alias bReqSFlfdown = TMath::Exp(Sum$(TMath::Log((CleanJet_pt>30 && abs(CleanJet_eta)<2.5)*Jet_btagSF_deepflav_shape_down_lf[CleanJet_jetIdx]+1*(CleanJet_pt<30 || abs(CleanJet_eta)>2.5)))) (multiplicity 0)
 Adding alias btagSFlfup = (bVeto || (topcr && zeroJet))*bVetoSFlfup + (topcr && !zeroJet)*bReqSFlfup (multiplicity 0)
 Adding alias btagSFlfdown = (bVeto || (topcr && zeroJet))*bVetoSFlfdown + (topcr && !zeroJet)*bReqSFlfdown (multiplicity 0)
 Adding alias Jet_btagSF_deepflav_shape_up_hf = [BtagSF (multiplicity 1)
 Adding alias Jet_btagSF_deepflav_shape_down_hf = [BtagSF (multiplicity 1)
 Adding alias bVetoSFhfup = TMath::Exp(Sum$(TMath::Log((CleanJet_pt>20 && abs(CleanJet_eta)<2.5)*Jet_btagSF_deepflav_shape_up_hf[CleanJet_jetIdx]+1*(CleanJet_pt<20 || abs(CleanJet_eta)>2.5)))) (multiplicity 0)
 Adding alias bVetoSFhfdown = TMath::Exp(Sum$(TMath::Log((CleanJet_pt>20 && abs(CleanJet_eta)<2.5)*Jet_btagSF_deepflav_shape_down_hf[CleanJet_jetIdx]+1*(CleanJet_pt<20 || abs(CleanJet_eta)>2.5)))) (multiplicity 0)
 Adding alias bReqSFhfup = TMath::Exp(Sum$(TMath::Log((CleanJet_pt>30 && abs(CleanJet_eta)<2.5)*Jet_btagSF_deepflav_shape_up_hf[CleanJet_jetIdx]+1*(CleanJet_pt<30 || abs(CleanJet_eta)>2.5)))) (multiplicity 0)
 Adding alias bReqSFhfdown = TMath::Exp(Sum$(TMath::Log((CleanJet_pt>30 && abs(CleanJet_eta)<2.5)*Jet_btagSF_deepflav_shape_down_hf[CleanJet_jetIdx]+1*(CleanJet_pt<30 || abs(CleanJet_eta)>2.5)))) (multiplicity 0)
 Adding alias btagSFhfup = (bVeto || (topcr && zeroJet))*bVetoSFhfup + (topcr && !zeroJet)*bReqSFhfup (multiplicity 0)
 Adding alias btagSFhfdown = (bVeto || (topcr && zeroJet))*bVetoSFhfdown + (topcr && !zeroJet)*bReqSFhfdown (multiplicity 0)
 Adding alias Jet_btagSF_deepflav_shape_up_lfstats1 = [BtagSF (multiplicity 1)
 Adding alias Jet_btagSF_deepflav_shape_down_lfstats1 = [BtagSF (multiplicity 1)
 Adding alias bVetoSFlfstats1up = TMath::Exp(Sum$(TMath::Log((CleanJet_pt>20 && abs(CleanJet_eta)<2.5)*Jet_btagSF_deepflav_shape_up_lfstats1[CleanJet_jetIdx]+1*(CleanJet_pt<20 || abs(CleanJet_eta)>2.5)))) (multiplicity 0)
 Adding alias bVetoSFlfstats1down = TMath::Exp(Sum$(TMath::Log((CleanJet_pt>20 && abs(CleanJet_eta)<2.5)*Jet_btagSF_deepflav_shape_down_lfstats1[CleanJet_jetIdx]+1*(CleanJet_pt<20 || abs(CleanJet_eta)>2.5)))) (multiplicity 0)
 Adding alias bReqSFlfstats1up = TMath::Exp(Sum$(TMath::Log((CleanJet_pt>30 && abs(CleanJet_eta)<2.5)*Jet_btagSF_deepflav_shape_up_lfstats1[CleanJet_jetIdx]+1*(CleanJet_pt<30 || abs(CleanJet_eta)>2.5)))) (multiplicity 0)
 Adding alias bReqSFlfstats1down = TMath::Exp(Sum$(TMath::Log((CleanJet_pt>30 && abs(CleanJet_eta)<2.5)*Jet_btagSF_deepflav_shape_down_lfstats1[CleanJet_jetIdx]+1*(CleanJet_pt<30 || abs(CleanJet_eta)>2.5)))) (multiplicity 0)
 Adding alias btagSFlfstats1up = (bVeto || (topcr && zeroJet))*bVetoSFlfstats1up + (topcr && !zeroJet)*bReqSFlfstats1up (multiplicity 0)
 Adding alias btagSFlfstats1down = (bVeto || (topcr && zeroJet))*bVetoSFlfstats1down + (topcr && !zeroJet)*bReqSFlfstats1down (multiplicity 0)
 Adding alias Jet_btagSF_deepflav_shape_up_lfstats2 = [BtagSF (multiplicity 1)
 Adding alias Jet_btagSF_deepflav_shape_down_lfstats2 = [BtagSF (multiplicity 1)
 Adding alias bVetoSFlfstats2up = TMath::Exp(Sum$(TMath::Log((CleanJet_pt>20 && abs(CleanJet_eta)<2.5)*Jet_btagSF_deepflav_shape_up_lfstats2[CleanJet_jetIdx]+1*(CleanJet_pt<20 || abs(CleanJet_eta)>2.5)))) (multiplicity 0)
 Adding alias bVetoSFlfstats2down = TMath::Exp(Sum$(TMath::Log((CleanJet_pt>20 && abs(CleanJet_eta)<2.5)*Jet_btagSF_deepflav_shape_down_lfstats2[CleanJet_jetIdx]+1*(CleanJet_pt<20 || abs(CleanJet_eta)>2.5)))) (multiplicity 0)
 Adding alias bReqSFlfstats2up = TMath::Exp(Sum$(TMath::Log((CleanJet_pt>30 && abs(CleanJet_eta)<2.5)*Jet_btagSF_deepflav_shape_up_lfstats2[CleanJet_jetIdx]+1*(CleanJet_pt<30 || abs(CleanJet_eta)>2.5)))) (multiplicity 0)
 Adding alias bReqSFlfstats2down = TMath::Exp(Sum$(TMath::Log((CleanJet_pt>30 && abs(CleanJet_eta)<2.5)*Jet_btagSF_deepflav_shape_down_lfstats2[CleanJet_jetIdx]+1*(CleanJet_pt<30 || abs(CleanJet_eta)>2.5)))) (multiplicity 0)
 Adding alias btagSFlfstats2up = (bVeto || (topcr && zeroJet))*bVetoSFlfstats2up + (topcr && !zeroJet)*bReqSFlfstats2up (multiplicity 0)
 Adding alias btagSFlfstats2down = (bVeto || (topcr && zeroJet))*bVetoSFlfstats2down + (topcr && !zeroJet)*bReqSFlfstats2down (multiplicity 0)
 Adding alias Jet_btagSF_deepflav_shape_up_hfstats1 = [BtagSF (multiplicity 1)
 Adding alias Jet_btagSF_deepflav_shape_down_hfstats1 = [BtagSF (multiplicity 1)
 Adding alias bVetoSFhfstats1up = TMath::Exp(Sum$(TMath::Log((CleanJet_pt>20 && abs(CleanJet_eta)<2.5)*Jet_btagSF_deepflav_shape_up_hfstats1[CleanJet_jetIdx]+1*(CleanJet_pt<20 || abs(CleanJet_eta)>2.5)))) (multiplicity 0)
 Adding alias bVetoSFhfstats1down = TMath::Exp(Sum$(TMath::Log((CleanJet_pt>20 && abs(CleanJet_eta)<2.5)*Jet_btagSF_deepflav_shape_down_hfstats1[CleanJet_jetIdx]+1*(CleanJet_pt<20 || abs(CleanJet_eta)>2.5)))) (multiplicity 0)
 Adding alias bReqSFhfstats1up = TMath::Exp(Sum$(TMath::Log((CleanJet_pt>30 && abs(CleanJet_eta)<2.5)*Jet_btagSF_deepflav_shape_up_hfstats1[CleanJet_jetIdx]+1*(CleanJet_pt<30 || abs(CleanJet_eta)>2.5)))) (multiplicity 0)
 Adding alias bReqSFhfstats1down = TMath::Exp(Sum$(TMath::Log((CleanJet_pt>30 && abs(CleanJet_eta)<2.5)*Jet_btagSF_deepflav_shape_down_hfstats1[CleanJet_jetIdx]+1*(CleanJet_pt<30 || abs(CleanJet_eta)>2.5)))) (multiplicity 0)
 Adding alias btagSFhfstats1up = (bVeto || (topcr && zeroJet))*bVetoSFhfstats1up + (topcr && !zeroJet)*bReqSFhfstats1up (multiplicity 0)
 Adding alias btagSFhfstats1down = (bVeto || (topcr && zeroJet))*bVetoSFhfstats1down + (topcr && !zeroJet)*bReqSFhfstats1down (multiplicity 0)
 Adding alias Jet_btagSF_deepflav_shape_up_hfstats2 = [BtagSF (multiplicity 1)
 Adding alias Jet_btagSF_deepflav_shape_down_hfstats2 = [BtagSF (multiplicity 1)
 Adding alias bVetoSFhfstats2up = TMath::Exp(Sum$(TMath::Log((CleanJet_pt>20 && abs(CleanJet_eta)<2.5)*Jet_btagSF_deepflav_shape_up_hfstats2[CleanJet_jetIdx]+1*(CleanJet_pt<20 || abs(CleanJet_eta)>2.5)))) (multiplicity 0)
 Adding alias bVetoSFhfstats2down = TMath::Exp(Sum$(TMath::Log((CleanJet_pt>20 && abs(CleanJet_eta)<2.5)*Jet_btagSF_deepflav_shape_down_hfstats2[CleanJet_jetIdx]+1*(CleanJet_pt<20 || abs(CleanJet_eta)>2.5)))) (multiplicity 0)
 Adding alias bReqSFhfstats2up = TMath::Exp(Sum$(TMath::Log((CleanJet_pt>30 && abs(CleanJet_eta)<2.5)*Jet_btagSF_deepflav_shape_up_hfstats2[CleanJet_jetIdx]+1*(CleanJet_pt<30 || abs(CleanJet_eta)>2.5)))) (multiplicity 0)
 Adding alias bReqSFhfstats2down = TMath::Exp(Sum$(TMath::Log((CleanJet_pt>30 && abs(CleanJet_eta)<2.5)*Jet_btagSF_deepflav_shape_down_hfstats2[CleanJet_jetIdx]+1*(CleanJet_pt<30 || abs(CleanJet_eta)>2.5)))) (multiplicity 0)
 Adding alias btagSFhfstats2up = (bVeto || (topcr && zeroJet))*bVetoSFhfstats2up + (topcr && !zeroJet)*bReqSFhfstats2up (multiplicity 0)
 Adding alias btagSFhfstats2down = (bVeto || (topcr && zeroJet))*bVetoSFhfstats2down + (topcr && !zeroJet)*bReqSFhfstats2down (multiplicity 0)
 Adding alias Jet_btagSF_deepflav_shape_up_cferr1 = [BtagSF (multiplicity 1)
 Adding alias Jet_btagSF_deepflav_shape_down_cferr1 = [BtagSF (multiplicity 1)
 Adding alias bVetoSFcferr1up = TMath::Exp(Sum$(TMath::Log((CleanJet_pt>20 && abs(CleanJet_eta)<2.5)*Jet_btagSF_deepflav_shape_up_cferr1[CleanJet_jetIdx]+1*(CleanJet_pt<20 || abs(CleanJet_eta)>2.5)))) (multiplicity 0)
 Adding alias bVetoSFcferr1down = TMath::Exp(Sum$(TMath::Log((CleanJet_pt>20 && abs(CleanJet_eta)<2.5)*Jet_btagSF_deepflav_shape_down_cferr1[CleanJet_jetIdx]+1*(CleanJet_pt<20 || abs(CleanJet_eta)>2.5)))) (multiplicity 0)
 Adding alias bReqSFcferr1up = TMath::Exp(Sum$(TMath::Log((CleanJet_pt>30 && abs(CleanJet_eta)<2.5)*Jet_btagSF_deepflav_shape_up_cferr1[CleanJet_jetIdx]+1*(CleanJet_pt<30 || abs(CleanJet_eta)>2.5)))) (multiplicity 0)
 Adding alias bReqSFcferr1down = TMath::Exp(Sum$(TMath::Log((CleanJet_pt>30 && abs(CleanJet_eta)<2.5)*Jet_btagSF_deepflav_shape_down_cferr1[CleanJet_jetIdx]+1*(CleanJet_pt<30 || abs(CleanJet_eta)>2.5)))) (multiplicity 0)
 Adding alias btagSFcferr1up = (bVeto || (topcr && zeroJet))*bVetoSFcferr1up + (topcr && !zeroJet)*bReqSFcferr1up (multiplicity 0)
 Adding alias btagSFcferr1down = (bVeto || (topcr && zeroJet))*bVetoSFcferr1down + (topcr && !zeroJet)*bReqSFcferr1down (multiplicity 0)
 Adding alias Jet_btagSF_deepflav_shape_up_cferr2 = [BtagSF (multiplicity 1)
 Adding alias Jet_btagSF_deepflav_shape_down_cferr2 = [BtagSF (multiplicity 1)
 Adding alias bVetoSFcferr2up = TMath::Exp(Sum$(TMath::Log((CleanJet_pt>20 && abs(CleanJet_eta)<2.5)*Jet_btagSF_deepflav_shape_up_cferr2[CleanJet_jetIdx]+1*(CleanJet_pt<20 || abs(CleanJet_eta)>2.5)))) (multiplicity 0)
 Adding alias bVetoSFcferr2down = TMath::Exp(Sum$(TMath::Log((CleanJet_pt>20 && abs(CleanJet_eta)<2.5)*Jet_btagSF_deepflav_shape_down_cferr2[CleanJet_jetIdx]+1*(CleanJet_pt<20 || abs(CleanJet_eta)>2.5)))) (multiplicity 0)
 Adding alias bReqSFcferr2up = TMath::Exp(Sum$(TMath::Log((CleanJet_pt>30 && abs(CleanJet_eta)<2.5)*Jet_btagSF_deepflav_shape_up_cferr2[CleanJet_jetIdx]+1*(CleanJet_pt<30 || abs(CleanJet_eta)>2.5)))) (multiplicity 0)
 Adding alias bReqSFcferr2down = TMath::Exp(Sum$(TMath::Log((CleanJet_pt>30 && abs(CleanJet_eta)<2.5)*Jet_btagSF_deepflav_shape_down_cferr2[CleanJet_jetIdx]+1*(CleanJet_pt<30 || abs(CleanJet_eta)>2.5)))) (multiplicity 0)
 Adding alias btagSFcferr2up = (bVeto || (topcr && zeroJet))*bVetoSFcferr2up + (topcr && !zeroJet)*bReqSFcferr2up (multiplicity 0)
 Adding alias btagSFcferr2down = (bVeto || (topcr && zeroJet))*bVetoSFcferr2down + (topcr && !zeroJet)*bReqSFcferr2down (multiplicity 0)
 Adding alias Jet_PUIDSF = TMath::Exp(Sum$((Jet_jetId>=2)*TMath::Log(Jet_PUIDSF_loose))) (multiplicity 0)
 Adding alias Jet_PUIDSF_up = TMath::Exp(Sum$((Jet_jetId>=2)*TMath::Log(Jet_PUIDSF_loose_up))) (multiplicity 0)
 Adding alias Jet_PUIDSF_down = TMath::Exp(Sum$((Jet_jetId>=2)*TMath::Log(Jet_PUIDSF_loose_down))) (multiplicity 0)
 Adding alias SFweight = SFweight2l * LepWPCut * LepSF2l__ele_mvaFall17V1Iso_WP90__mu_cut_Tight_HWWW_tthmva_80 * btagSF * Jet_PUIDSF (multiplicity 0)
 Adding alias SFweightEleUp = LepSF2l__ele_mvaFall17V1Iso_WP90__Up (multiplicity 0)
 Adding alias SFweightEleDown = LepSF2l__ele_mvaFall17V1Iso_WP90__Do (multiplicity 0)
 Adding alias SFweightMuUp = LepSF2l__mu_cut_Tight_HWWW_tthmva_80__Up (multiplicity 0)
 Adding alias SFweightMuDown = LepSF2l__mu_cut_Tight_HWWW_tthmva_80__Do (multiplicity 0)
 Adding alias lhe_mjj = TMath::Sqrt(2. * LHEPart_pt[4] * LHEPart_pt[5] * (TMath::CosH(LHEPart_eta[4] - LHEPart_eta[5]) - TMath::Cos(LHEPart_phi[4] - LHEPart_phi[5]))) (multiplicity -1)
 Aliases SameFlav, DiffFlav, ZeppenfeldDilepton, ZeppenfeldLeadingLepton, cut_index, lhe_mjj are singlets but are represented as arrays within MultiDraw. Use index [0] whenever using the alias to ensure we don't try to iterate over the values, especially in an expression used for cuts.
Initializing cut "notTop"
      0 events