
 *** Break *** segmentation violation



===========================================================
There was a crash.
This is the entire stack trace of all threads:
===========================================================

Thread 6 (Thread 0x2b2429443700 (LWP 232)):
#0  0x00002b2404afae29 in syscall () from /lib64/libc.so.6
#1  0x00002b241da1b13d in XrdSys::LinuxSemaphore::Wait (this=0x1714a1e0) at /data/cmsbld/jenkins/workspace/auto-builds/CMSSW_11_1_0_pre7-slc7_amd64_gcc820/build/CMSSW_11_1_0_pre7-build/BUILD/slc7_amd64_gcc820/external/xrootd/4.10.0-bcolbf2/xrootd-4.10.0/src/./XrdSys/XrdSysLinuxSemaphore.hh:161
#2  XrdCl::SyncQueue<XrdCl::JobManager::JobHelper>::Get (this=0x1713aae8) at /data/cmsbld/jenkins/workspace/auto-builds/CMSSW_11_1_0_pre7-slc7_amd64_gcc820/build/CMSSW_11_1_0_pre7-build/BUILD/slc7_amd64_gcc820/external/xrootd/4.10.0-bcolbf2/xrootd-4.10.0/src/./XrdCl/XrdClSyncQueue.hh:67
#3  XrdCl::JobManager::RunJobs() () at /data/cmsbld/jenkins/workspace/auto-builds/CMSSW_11_1_0_pre7-slc7_amd64_gcc820/build/CMSSW_11_1_0_pre7-build/BUILD/slc7_amd64_gcc820/external/xrootd/4.10.0-bcolbf2/xrootd-4.10.0/src/XrdCl/XrdClJobManager.cc:146
#4  0x00002b241da1b2f9 in RunRunnerThread (arg=<optimized out>) at /data/cmsbld/jenkins/workspace/auto-builds/CMSSW_11_1_0_pre7-slc7_amd64_gcc820/build/CMSSW_11_1_0_pre7-build/BUILD/slc7_amd64_gcc820/external/xrootd/4.10.0-bcolbf2/xrootd-4.10.0/src/XrdCl/XrdClJobManager.cc:33
#5  0x00002b24040e4ea5 in start_thread () from /lib64/libpthread.so.0
#6  0x00002b2404b00b0d in clone () from /lib64/libc.so.6

Thread 5 (Thread 0x2b2429242700 (LWP 231)):
#0  0x00002b2404afae29 in syscall () from /lib64/libc.so.6
#1  0x00002b241da1b13d in XrdSys::LinuxSemaphore::Wait (this=0x1714a1e0) at /data/cmsbld/jenkins/workspace/auto-builds/CMSSW_11_1_0_pre7-slc7_amd64_gcc820/build/CMSSW_11_1_0_pre7-build/BUILD/slc7_amd64_gcc820/external/xrootd/4.10.0-bcolbf2/xrootd-4.10.0/src/./XrdSys/XrdSysLinuxSemaphore.hh:161
#2  XrdCl::SyncQueue<XrdCl::JobManager::JobHelper>::Get (this=0x1713aae8) at /data/cmsbld/jenkins/workspace/auto-builds/CMSSW_11_1_0_pre7-slc7_amd64_gcc820/build/CMSSW_11_1_0_pre7-build/BUILD/slc7_amd64_gcc820/external/xrootd/4.10.0-bcolbf2/xrootd-4.10.0/src/./XrdCl/XrdClSyncQueue.hh:67
#3  XrdCl::JobManager::RunJobs() () at /data/cmsbld/jenkins/workspace/auto-builds/CMSSW_11_1_0_pre7-slc7_amd64_gcc820/build/CMSSW_11_1_0_pre7-build/BUILD/slc7_amd64_gcc820/external/xrootd/4.10.0-bcolbf2/xrootd-4.10.0/src/XrdCl/XrdClJobManager.cc:146
#4  0x00002b241da1b2f9 in RunRunnerThread (arg=<optimized out>) at /data/cmsbld/jenkins/workspace/auto-builds/CMSSW_11_1_0_pre7-slc7_amd64_gcc820/build/CMSSW_11_1_0_pre7-build/BUILD/slc7_amd64_gcc820/external/xrootd/4.10.0-bcolbf2/xrootd-4.10.0/src/XrdCl/XrdClJobManager.cc:33
#5  0x00002b24040e4ea5 in start_thread () from /lib64/libpthread.so.0
#6  0x00002b2404b00b0d in clone () from /lib64/libc.so.6

Thread 4 (Thread 0x2b2429041700 (LWP 230)):
#0  0x00002b2404afae29 in syscall () from /lib64/libc.so.6
#1  0x00002b241da1b13d in XrdSys::LinuxSemaphore::Wait (this=0x1714a1e0) at /data/cmsbld/jenkins/workspace/auto-builds/CMSSW_11_1_0_pre7-slc7_amd64_gcc820/build/CMSSW_11_1_0_pre7-build/BUILD/slc7_amd64_gcc820/external/xrootd/4.10.0-bcolbf2/xrootd-4.10.0/src/./XrdSys/XrdSysLinuxSemaphore.hh:161
#2  XrdCl::SyncQueue<XrdCl::JobManager::JobHelper>::Get (this=0x1713aae8) at /data/cmsbld/jenkins/workspace/auto-builds/CMSSW_11_1_0_pre7-slc7_amd64_gcc820/build/CMSSW_11_1_0_pre7-build/BUILD/slc7_amd64_gcc820/external/xrootd/4.10.0-bcolbf2/xrootd-4.10.0/src/./XrdCl/XrdClSyncQueue.hh:67
#3  XrdCl::JobManager::RunJobs() () at /data/cmsbld/jenkins/workspace/auto-builds/CMSSW_11_1_0_pre7-slc7_amd64_gcc820/build/CMSSW_11_1_0_pre7-build/BUILD/slc7_amd64_gcc820/external/xrootd/4.10.0-bcolbf2/xrootd-4.10.0/src/XrdCl/XrdClJobManager.cc:146
#4  0x00002b241da1b2f9 in RunRunnerThread (arg=<optimized out>) at /data/cmsbld/jenkins/workspace/auto-builds/CMSSW_11_1_0_pre7-slc7_amd64_gcc820/build/CMSSW_11_1_0_pre7-build/BUILD/slc7_amd64_gcc820/external/xrootd/4.10.0-bcolbf2/xrootd-4.10.0/src/XrdCl/XrdClJobManager.cc:33
#5  0x00002b24040e4ea5 in start_thread () from /lib64/libpthread.so.0
#6  0x00002b2404b00b0d in clone () from /lib64/libc.so.6

Thread 3 (Thread 0x2b2428e40700 (LWP 229)):
#0  0x00002b24040ebe9d in nanosleep () from /lib64/libpthread.so.0
#1  0x00002b241d856a1d in XrdSysTimer::Wait (mills=<optimized out>) at /data/cmsbld/jenkins/workspace/auto-builds/CMSSW_11_1_0_pre7-slc7_amd64_gcc820/build/CMSSW_11_1_0_pre7-build/BUILD/slc7_amd64_gcc820/external/xrootd/4.10.0-bcolbf2/xrootd-4.10.0/src/XrdSys/XrdSysTimer.cc:239
#2  0x00002b241d9c12f8 in XrdCl::TaskManager::RunTasks() () at /data/cmsbld/jenkins/workspace/auto-builds/CMSSW_11_1_0_pre7-slc7_amd64_gcc820/build/CMSSW_11_1_0_pre7-build/BUILD/slc7_amd64_gcc820/external/xrootd/4.10.0-bcolbf2/xrootd-4.10.0/src/XrdCl/XrdClTaskManager.cc:244
#3  0x00002b241d9c13d9 in RunRunnerThread (arg=<optimized out>) at /data/cmsbld/jenkins/workspace/auto-builds/CMSSW_11_1_0_pre7-slc7_amd64_gcc820/build/CMSSW_11_1_0_pre7-build/BUILD/slc7_amd64_gcc820/external/xrootd/4.10.0-bcolbf2/xrootd-4.10.0/src/XrdCl/XrdClTaskManager.cc:37
#4  0x00002b24040e4ea5 in start_thread () from /lib64/libpthread.so.0
#5  0x00002b2404b00b0d in clone () from /lib64/libc.so.6

Thread 2 (Thread 0x2b2428c3f700 (LWP 228)):
#0  0x00002b2404b010e3 in epoll_wait () from /lib64/libc.so.6
#1  0x00002b241d850d67 in XrdSys::IOEvents::PollE::Begin (syncsem=<optimized out>, retcode=<optimized out>, eTxt=<optimized out>, this=<optimized out>) at /data/cmsbld/jenkins/workspace/auto-builds/CMSSW_11_1_0_pre7-slc7_amd64_gcc820/build/CMSSW_11_1_0_pre7-build/BUILD/slc7_amd64_gcc820/external/xrootd/4.10.0-bcolbf2/xrootd-4.10.0/src/./XrdSys/XrdSysIOEventsPollE.icc:213
#2  XrdSys::IOEvents::PollE::Begin (this=0x17138860, syncsem=<optimized out>, retcode=<optimized out>, eTxt=<optimized out>) at /data/cmsbld/jenkins/workspace/auto-builds/CMSSW_11_1_0_pre7-slc7_amd64_gcc820/build/CMSSW_11_1_0_pre7-build/BUILD/slc7_amd64_gcc820/external/xrootd/4.10.0-bcolbf2/xrootd-4.10.0/src/./XrdSys/XrdSysIOEventsPollE.icc:197
#3  0x00002b241d84d565 in XrdSys::IOEvents::BootStrap::Start(void*) () at /data/cmsbld/jenkins/workspace/auto-builds/CMSSW_11_1_0_pre7-slc7_amd64_gcc820/build/CMSSW_11_1_0_pre7-build/BUILD/slc7_amd64_gcc820/external/xrootd/4.10.0-bcolbf2/xrootd-4.10.0/src/XrdSys/XrdSysIOEvents.cc:131
#4  0x00002b241d856208 in XrdSysThread_Xeq (myargs=0x1711cca0) at /data/cmsbld/jenkins/workspace/auto-builds/CMSSW_11_1_0_pre7-slc7_amd64_gcc820/build/CMSSW_11_1_0_pre7-build/BUILD/slc7_amd64_gcc820/external/xrootd/4.10.0-bcolbf2/xrootd-4.10.0/src/XrdSys/XrdSysPthread.cc:86
#5  0x00002b24040e4ea5 in start_thread () from /lib64/libpthread.so.0
#6  0x00002b2404b00b0d in clone () from /lib64/libc.so.6

Thread 1 (Thread 0x2b2403cf83c0 (LWP 194)):
#0  0x00002b2404ac7659 in waitpid () from /lib64/libc.so.6
#1  0x00002b2404a44f62 in do_system () from /lib64/libc.so.6
#2  0x00002b2404a45311 in system () from /lib64/libc.so.6
#3  0x00002b24068193c3 in TUnixSystem::StackTrace() () from /cvmfs/cms.cern.ch/slc7_amd64_gcc820/cms/cmssw/CMSSW_11_1_4/external/slc7_amd64_gcc820/lib/libCore.so
#4  0x00002b240681bc14 in TUnixSystem::DispatchSignals(ESignals) () from /cvmfs/cms.cern.ch/slc7_amd64_gcc820/cms/cmssw/CMSSW_11_1_4/external/slc7_amd64_gcc820/lib/libCore.so
#5  <signal handler called>
#6  0x00002b2427b36e78 in MVAReader_notTop::evaluate(unsigned int) () from /afs/cern.ch/user/g/gpizzati/CMSSW_11_1_4/src/PlotsConfigurations/Configurations/VBF_Zjj/dnn2018/mva/mvareader_notTop_cc.so
#7  0x00002b241c80dc80 in multidraw::MultiDraw::executeOne_(long, unsigned long, TChain&, multidraw::MultiDraw::SynchTools&, unsigned int, bool) () from /afs/cern.ch/user/g/gpizzati/CMSSW_11_1_4/lib/slc7_amd64_gcc820/libLatinoAnalysisMultiDraw.so
#8  0x00002b241c811d54 in multidraw::MultiDraw::execute(long, unsigned long) () from /afs/cern.ch/user/g/gpizzati/CMSSW_11_1_4/lib/slc7_amd64_gcc820/libLatinoAnalysisMultiDraw.so
#9  0x00002b2428a2d0cc in ?? ()
#10 0x00000000170bfc80 in ?? ()
#11 0x00002b2405b6da0c in ROOT::TVirtualRWMutex::UnLock() () from /cvmfs/cms.cern.ch/slc7_amd64_gcc820/lcg/root/6.20.06-bcolbf/lib/libPyROOT.so
#12 0x00002b24086f2622 in ROOT::Internal::InterpreterMutexRegistrationRAII::~InterpreterMutexRegistrationRAII() () from /cvmfs/cms.cern.ch/slc7_amd64_gcc820/cms/cmssw/CMSSW_11_1_4/external/slc7_amd64_gcc820/lib/libCling.so
#13 0x00002b24086ef22f in TClingCallFunc::IFacePtr() () from /cvmfs/cms.cern.ch/slc7_amd64_gcc820/cms/cmssw/CMSSW_11_1_4/external/slc7_amd64_gcc820/lib/libCling.so
#14 0x00002b2405b7d3b9 in FastCall(long, void*, void*, void*) () from /cvmfs/cms.cern.ch/slc7_amd64_gcc820/lcg/root/6.20.06-bcolbf/lib/libPyROOT.so
===========================================================


The lines below might hint at the cause of the crash.
You may get help by asking at the ROOT forum http://root.cern.ch/forum
Only if you are really convinced it is a bug in ROOT then please submit a
report at http://root.cern.ch/bugs Please post the ENTIRE stack trace
from above as an attachment in addition to anything else
that might help us fixing this issue.
===========================================================
#6  0x00002b2427b36e78 in MVAReader_notTop::evaluate(unsigned int) () from /afs/cern.ch/user/g/gpizzati/CMSSW_11_1_4/src/PlotsConfigurations/Configurations/VBF_Zjj/dnn2018/mva/mvareader_notTop_cc.so
#7  0x00002b241c80dc80 in multidraw::MultiDraw::executeOne_(long, unsigned long, TChain&, multidraw::MultiDraw::SynchTools&, unsigned int, bool) () from /afs/cern.ch/user/g/gpizzati/CMSSW_11_1_4/lib/slc7_amd64_gcc820/libLatinoAnalysisMultiDraw.so
#8  0x00002b241c811d54 in multidraw::MultiDraw::execute(long, unsigned long) () from /afs/cern.ch/user/g/gpizzati/CMSSW_11_1_4/lib/slc7_amd64_gcc820/libLatinoAnalysisMultiDraw.so
#9  0x00002b2428a2d0cc in ?? ()
#10 0x00000000170bfc80 in ?? ()
#11 0x00002b2405b6da0c in ROOT::TVirtualRWMutex::UnLock() () from /cvmfs/cms.cern.ch/slc7_amd64_gcc820/lcg/root/6.20.06-bcolbf/lib/libPyROOT.so
#12 0x00002b24086f2622 in ROOT::Internal::InterpreterMutexRegistrationRAII::~InterpreterMutexRegistrationRAII() () from /cvmfs/cms.cern.ch/slc7_amd64_gcc820/cms/cmssw/CMSSW_11_1_4/external/slc7_amd64_gcc820/lib/libCling.so
#13 0x00002b24086ef22f in TClingCallFunc::IFacePtr() () from /cvmfs/cms.cern.ch/slc7_amd64_gcc820/cms/cmssw/CMSSW_11_1_4/external/slc7_amd64_gcc820/lib/libCling.so
#14 0x00002b2405b7d3b9 in FastCall(long, void*, void*, void*) () from /cvmfs/cms.cern.ch/slc7_amd64_gcc820/lcg/root/6.20.06-bcolbf/lib/libPyROOT.so
===========================================================


Traceback (most recent call last):
  File "/afs/cern.ch/user/g/gpizzati/nanoAOD_11/jobs//mkShapes__dnn_2018__ALL/Zjj.0/mkShapes__dnn_2018__ALL__Zjj.0.py", line 22, in <module>
    'ALL_Zjj.0',
  File "/afs/cern.ch/user/g/gpizzati/CMSSW_11_1_4/python/LatinoAnalysis/ShapeAnalysis/ShapeFactoryMulti.py", line 631, in makeNominals
    drawer.execute(nevents, firstEvent)
SystemError: void multidraw::MultiDraw::execute(long nEntries = -1, unsigned long firstEntry = 0) =>
    problem in C++; program state has been reset

 *** Break *** segmentation violation



===========================================================
There was a crash.
This is the entire stack trace of all threads:
===========================================================

Thread 6 (Thread 0x2b2429443700 (LWP 232)):
#0  0x00002b2404afae29 in syscall () from /lib64/libc.so.6
#1  0x00002b241da1b13d in XrdSys::LinuxSemaphore::Wait (this=0x1714a1e0) at /data/cmsbld/jenkins/workspace/auto-builds/CMSSW_11_1_0_pre7-slc7_amd64_gcc820/build/CMSSW_11_1_0_pre7-build/BUILD/slc7_amd64_gcc820/external/xrootd/4.10.0-bcolbf2/xrootd-4.10.0/src/./XrdSys/XrdSysLinuxSemaphore.hh:161
#2  XrdCl::SyncQueue<XrdCl::JobManager::JobHelper>::Get (this=0x1713aae8) at /data/cmsbld/jenkins/workspace/auto-builds/CMSSW_11_1_0_pre7-slc7_amd64_gcc820/build/CMSSW_11_1_0_pre7-build/BUILD/slc7_amd64_gcc820/external/xrootd/4.10.0-bcolbf2/xrootd-4.10.0/src/./XrdCl/XrdClSyncQueue.hh:67
#3  XrdCl::JobManager::RunJobs() () at /data/cmsbld/jenkins/workspace/auto-builds/CMSSW_11_1_0_pre7-slc7_amd64_gcc820/build/CMSSW_11_1_0_pre7-build/BUILD/slc7_amd64_gcc820/external/xrootd/4.10.0-bcolbf2/xrootd-4.10.0/src/XrdCl/XrdClJobManager.cc:146
#4  0x00002b241da1b2f9 in RunRunnerThread (arg=<optimized out>) at /data/cmsbld/jenkins/workspace/auto-builds/CMSSW_11_1_0_pre7-slc7_amd64_gcc820/build/CMSSW_11_1_0_pre7-build/BUILD/slc7_amd64_gcc820/external/xrootd/4.10.0-bcolbf2/xrootd-4.10.0/src/XrdCl/XrdClJobManager.cc:33
#5  0x00002b24040e4ea5 in start_thread () from /lib64/libpthread.so.0
#6  0x00002b2404b00b0d in clone () from /lib64/libc.so.6

Thread 5 (Thread 0x2b2429242700 (LWP 231)):
#0  0x00002b2404afae29 in syscall () from /lib64/libc.so.6
#1  0x00002b241da1b13d in XrdSys::LinuxSemaphore::Wait (this=0x1714a1e0) at /data/cmsbld/jenkins/workspace/auto-builds/CMSSW_11_1_0_pre7-slc7_amd64_gcc820/build/CMSSW_11_1_0_pre7-build/BUILD/slc7_amd64_gcc820/external/xrootd/4.10.0-bcolbf2/xrootd-4.10.0/src/./XrdSys/XrdSysLinuxSemaphore.hh:161
#2  XrdCl::SyncQueue<XrdCl::JobManager::JobHelper>::Get (this=0x1713aae8) at /data/cmsbld/jenkins/workspace/auto-builds/CMSSW_11_1_0_pre7-slc7_amd64_gcc820/build/CMSSW_11_1_0_pre7-build/BUILD/slc7_amd64_gcc820/external/xrootd/4.10.0-bcolbf2/xrootd-4.10.0/src/./XrdCl/XrdClSyncQueue.hh:67
#3  XrdCl::JobManager::RunJobs() () at /data/cmsbld/jenkins/workspace/auto-builds/CMSSW_11_1_0_pre7-slc7_amd64_gcc820/build/CMSSW_11_1_0_pre7-build/BUILD/slc7_amd64_gcc820/external/xrootd/4.10.0-bcolbf2/xrootd-4.10.0/src/XrdCl/XrdClJobManager.cc:146
#4  0x00002b241da1b2f9 in RunRunnerThread (arg=<optimized out>) at /data/cmsbld/jenkins/workspace/auto-builds/CMSSW_11_1_0_pre7-slc7_amd64_gcc820/build/CMSSW_11_1_0_pre7-build/BUILD/slc7_amd64_gcc820/external/xrootd/4.10.0-bcolbf2/xrootd-4.10.0/src/XrdCl/XrdClJobManager.cc:33
#5  0x00002b24040e4ea5 in start_thread () from /lib64/libpthread.so.0
#6  0x00002b2404b00b0d in clone () from /lib64/libc.so.6

Thread 4 (Thread 0x2b2429041700 (LWP 230)):
#0  0x00002b2404afae29 in syscall () from /lib64/libc.so.6
#1  0x00002b241da1b13d in XrdSys::LinuxSemaphore::Wait (this=0x1714a1e0) at /data/cmsbld/jenkins/workspace/auto-builds/CMSSW_11_1_0_pre7-slc7_amd64_gcc820/build/CMSSW_11_1_0_pre7-build/BUILD/slc7_amd64_gcc820/external/xrootd/4.10.0-bcolbf2/xrootd-4.10.0/src/./XrdSys/XrdSysLinuxSemaphore.hh:161
#2  XrdCl::SyncQueue<XrdCl::JobManager::JobHelper>::Get (this=0x1713aae8) at /data/cmsbld/jenkins/workspace/auto-builds/CMSSW_11_1_0_pre7-slc7_amd64_gcc820/build/CMSSW_11_1_0_pre7-build/BUILD/slc7_amd64_gcc820/external/xrootd/4.10.0-bcolbf2/xrootd-4.10.0/src/./XrdCl/XrdClSyncQueue.hh:67
#3  XrdCl::JobManager::RunJobs() () at /data/cmsbld/jenkins/workspace/auto-builds/CMSSW_11_1_0_pre7-slc7_amd64_gcc820/build/CMSSW_11_1_0_pre7-build/BUILD/slc7_amd64_gcc820/external/xrootd/4.10.0-bcolbf2/xrootd-4.10.0/src/XrdCl/XrdClJobManager.cc:146
#4  0x00002b241da1b2f9 in RunRunnerThread (arg=<optimized out>) at /data/cmsbld/jenkins/workspace/auto-builds/CMSSW_11_1_0_pre7-slc7_amd64_gcc820/build/CMSSW_11_1_0_pre7-build/BUILD/slc7_amd64_gcc820/external/xrootd/4.10.0-bcolbf2/xrootd-4.10.0/src/XrdCl/XrdClJobManager.cc:33
#5  0x00002b24040e4ea5 in start_thread () from /lib64/libpthread.so.0
#6  0x00002b2404b00b0d in clone () from /lib64/libc.so.6

Thread 3 (Thread 0x2b2428e40700 (LWP 229)):
#0  0x00002b24040ebe9d in nanosleep () from /lib64/libpthread.so.0
#1  0x00002b241d856a1d in XrdSysTimer::Wait (mills=<optimized out>) at /data/cmsbld/jenkins/workspace/auto-builds/CMSSW_11_1_0_pre7-slc7_amd64_gcc820/build/CMSSW_11_1_0_pre7-build/BUILD/slc7_amd64_gcc820/external/xrootd/4.10.0-bcolbf2/xrootd-4.10.0/src/XrdSys/XrdSysTimer.cc:239
#2  0x00002b241d9c12f8 in XrdCl::TaskManager::RunTasks() () at /data/cmsbld/jenkins/workspace/auto-builds/CMSSW_11_1_0_pre7-slc7_amd64_gcc820/build/CMSSW_11_1_0_pre7-build/BUILD/slc7_amd64_gcc820/external/xrootd/4.10.0-bcolbf2/xrootd-4.10.0/src/XrdCl/XrdClTaskManager.cc:244
#3  0x00002b241d9c13d9 in RunRunnerThread (arg=<optimized out>) at /data/cmsbld/jenkins/workspace/auto-builds/CMSSW_11_1_0_pre7-slc7_amd64_gcc820/build/CMSSW_11_1_0_pre7-build/BUILD/slc7_amd64_gcc820/external/xrootd/4.10.0-bcolbf2/xrootd-4.10.0/src/XrdCl/XrdClTaskManager.cc:37
#4  0x00002b24040e4ea5 in start_thread () from /lib64/libpthread.so.0
#5  0x00002b2404b00b0d in clone () from /lib64/libc.so.6

Thread 2 (Thread 0x2b2428c3f700 (LWP 228)):
#0  0x00002b2404b010e3 in epoll_wait () from /lib64/libc.so.6
#1  0x00002b241d850d67 in XrdSys::IOEvents::PollE::Begin (syncsem=<optimized out>, retcode=<optimized out>, eTxt=<optimized out>, this=<optimized out>) at /data/cmsbld/jenkins/workspace/auto-builds/CMSSW_11_1_0_pre7-slc7_amd64_gcc820/build/CMSSW_11_1_0_pre7-build/BUILD/slc7_amd64_gcc820/external/xrootd/4.10.0-bcolbf2/xrootd-4.10.0/src/./XrdSys/XrdSysIOEventsPollE.icc:213
#2  XrdSys::IOEvents::PollE::Begin (this=0x17138860, syncsem=<optimized out>, retcode=<optimized out>, eTxt=<optimized out>) at /data/cmsbld/jenkins/workspace/auto-builds/CMSSW_11_1_0_pre7-slc7_amd64_gcc820/build/CMSSW_11_1_0_pre7-build/BUILD/slc7_amd64_gcc820/external/xrootd/4.10.0-bcolbf2/xrootd-4.10.0/src/./XrdSys/XrdSysIOEventsPollE.icc:197
#3  0x00002b241d84d565 in XrdSys::IOEvents::BootStrap::Start(void*) () at /data/cmsbld/jenkins/workspace/auto-builds/CMSSW_11_1_0_pre7-slc7_amd64_gcc820/build/CMSSW_11_1_0_pre7-build/BUILD/slc7_amd64_gcc820/external/xrootd/4.10.0-bcolbf2/xrootd-4.10.0/src/XrdSys/XrdSysIOEvents.cc:131
#4  0x00002b241d856208 in XrdSysThread_Xeq (myargs=0x1711cca0) at /data/cmsbld/jenkins/workspace/auto-builds/CMSSW_11_1_0_pre7-slc7_amd64_gcc820/build/CMSSW_11_1_0_pre7-build/BUILD/slc7_amd64_gcc820/external/xrootd/4.10.0-bcolbf2/xrootd-4.10.0/src/XrdSys/XrdSysPthread.cc:86
#5  0x00002b24040e4ea5 in start_thread () from /lib64/libpthread.so.0
#6  0x00002b2404b00b0d in clone () from /lib64/libc.so.6

Thread 1 (Thread 0x2b2403cf83c0 (LWP 194)):
#0  0x00002b2404ac7659 in waitpid () from /lib64/libc.so.6
#1  0x00002b2404a44f62 in do_system () from /lib64/libc.so.6
#2  0x00002b2404a45311 in system () from /lib64/libc.so.6
#3  0x00002b24068193c3 in TUnixSystem::StackTrace() () from /cvmfs/cms.cern.ch/slc7_amd64_gcc820/cms/cmssw/CMSSW_11_1_4/external/slc7_amd64_gcc820/lib/libCore.so
#4  0x00002b240681bc14 in TUnixSystem::DispatchSignals(ESignals) () from /cvmfs/cms.cern.ch/slc7_amd64_gcc820/cms/cmssw/CMSSW_11_1_4/external/slc7_amd64_gcc820/lib/libCore.so
#5  <signal handler called>
#6  0x00002b2406780d4e in TList::FindObject(TObject const*) const () from /cvmfs/cms.cern.ch/slc7_amd64_gcc820/cms/cmssw/CMSSW_11_1_4/external/slc7_amd64_gcc820/lib/libCore.so
#7  0x00002b240677e7be in THashTable::FindObject(TObject const*) const () from /cvmfs/cms.cern.ch/slc7_amd64_gcc820/cms/cmssw/CMSSW_11_1_4/external/slc7_amd64_gcc820/lib/libCore.so
#8  0x00002b240677d8f5 in THashList::RecursiveRemove(TObject*) () from /cvmfs/cms.cern.ch/slc7_amd64_gcc820/cms/cmssw/CMSSW_11_1_4/external/slc7_amd64_gcc820/lib/libCore.so
#9  0x00002b24066cf8f0 in TROOT::RecursiveRemove(TObject*) () from /cvmfs/cms.cern.ch/slc7_amd64_gcc820/cms/cmssw/CMSSW_11_1_4/external/slc7_amd64_gcc820/lib/libCore.so
#10 0x00002b2406711c78 in TNamed::~TNamed() () from /cvmfs/cms.cern.ch/slc7_amd64_gcc820/cms/cmssw/CMSSW_11_1_4/external/slc7_amd64_gcc820/lib/libCore.so
#11 0x00002b2405fcc1c9 in TLeafI::~TLeafI() () from /cvmfs/cms.cern.ch/slc7_amd64_gcc820/cms/cmssw/CMSSW_11_1_4/external/slc7_amd64_gcc820/lib/libTree.so
#12 0x00002b240678d6b8 in TObjArray::Delete(char const*) () from /cvmfs/cms.cern.ch/slc7_amd64_gcc820/cms/cmssw/CMSSW_11_1_4/external/slc7_amd64_gcc820/lib/libCore.so
#13 0x00002b2405f856f1 in TBranch::~TBranch() () from /cvmfs/cms.cern.ch/slc7_amd64_gcc820/cms/cmssw/CMSSW_11_1_4/external/slc7_amd64_gcc820/lib/libTree.so
#14 0x00002b2405f858b9 in TBranch::~TBranch() () from /cvmfs/cms.cern.ch/slc7_amd64_gcc820/cms/cmssw/CMSSW_11_1_4/external/slc7_amd64_gcc820/lib/libTree.so
#15 0x00002b240678d6b8 in TObjArray::Delete(char const*) () from /cvmfs/cms.cern.ch/slc7_amd64_gcc820/cms/cmssw/CMSSW_11_1_4/external/slc7_amd64_gcc820/lib/libCore.so
#16 0x00002b2405ff4210 in TTree::~TTree() () from /cvmfs/cms.cern.ch/slc7_amd64_gcc820/cms/cmssw/CMSSW_11_1_4/external/slc7_amd64_gcc820/lib/libTree.so
#17 0x00002b2405ff4629 in TTree::~TTree() () from /cvmfs/cms.cern.ch/slc7_amd64_gcc820/cms/cmssw/CMSSW_11_1_4/external/slc7_amd64_gcc820/lib/libTree.so
#18 0x00002b2406787978 in TList::Delete(char const*) () from /cvmfs/cms.cern.ch/slc7_amd64_gcc820/cms/cmssw/CMSSW_11_1_4/external/slc7_amd64_gcc820/lib/libCore.so
#19 0x00002b240677dd6b in THashList::Delete(char const*) () from /cvmfs/cms.cern.ch/slc7_amd64_gcc820/cms/cmssw/CMSSW_11_1_4/external/slc7_amd64_gcc820/lib/libCore.so
#20 0x00002b2406256b44 in TDirectoryFile::Close(char const*) () from /cvmfs/cms.cern.ch/slc7_amd64_gcc820/cms/cmssw/CMSSW_11_1_4/external/slc7_amd64_gcc820/lib/libRIO.so
#21 0x00002b2406273546 in TFile::Close(char const*) () from /cvmfs/cms.cern.ch/slc7_amd64_gcc820/cms/cmssw/CMSSW_11_1_4/external/slc7_amd64_gcc820/lib/libRIO.so
#22 0x00002b241d8118b0 in TNetXNGFile::Close(char const*) () from /cvmfs/cms.cern.ch/slc7_amd64_gcc820/cms/cmssw/CMSSW_11_1_4/external/slc7_amd64_gcc820/lib/libNetxNG.so
#23 0x00002b24066d0601 in (anonymous namespace)::R__ListSlowClose(TList*) () from /cvmfs/cms.cern.ch/slc7_amd64_gcc820/cms/cmssw/CMSSW_11_1_4/external/slc7_amd64_gcc820/lib/libCore.so
#24 0x00002b24066d0f14 in TROOT::CloseFiles() () from /cvmfs/cms.cern.ch/slc7_amd64_gcc820/cms/cmssw/CMSSW_11_1_4/external/slc7_amd64_gcc820/lib/libCore.so
#25 0x00002b24066d15d2 in TROOT::EndOfProcessCleanups() () from /cvmfs/cms.cern.ch/slc7_amd64_gcc820/cms/cmssw/CMSSW_11_1_4/external/slc7_amd64_gcc820/lib/libCore.so
#26 0x00002b244494c02a in ?? ()
#27 0x0000000000000000 in ?? ()
===========================================================


The lines below might hint at the cause of the crash.
You may get help by asking at the ROOT forum http://root.cern.ch/forum
Only if you are really convinced it is a bug in ROOT then please submit a
report at http://root.cern.ch/bugs Please post the ENTIRE stack trace
from above as an attachment in addition to anything else
that might help us fixing this issue.
===========================================================
#6  0x00002b2406780d4e in TList::FindObject(TObject const*) const () from /cvmfs/cms.cern.ch/slc7_amd64_gcc820/cms/cmssw/CMSSW_11_1_4/external/slc7_amd64_gcc820/lib/libCore.so
#7  0x00002b240677e7be in THashTable::FindObject(TObject const*) const () from /cvmfs/cms.cern.ch/slc7_amd64_gcc820/cms/cmssw/CMSSW_11_1_4/external/slc7_amd64_gcc820/lib/libCore.so
#8  0x00002b240677d8f5 in THashList::RecursiveRemove(TObject*) () from /cvmfs/cms.cern.ch/slc7_amd64_gcc820/cms/cmssw/CMSSW_11_1_4/external/slc7_amd64_gcc820/lib/libCore.so
#9  0x00002b24066cf8f0 in TROOT::RecursiveRemove(TObject*) () from /cvmfs/cms.cern.ch/slc7_amd64_gcc820/cms/cmssw/CMSSW_11_1_4/external/slc7_amd64_gcc820/lib/libCore.so
#10 0x00002b2406711c78 in TNamed::~TNamed() () from /cvmfs/cms.cern.ch/slc7_amd64_gcc820/cms/cmssw/CMSSW_11_1_4/external/slc7_amd64_gcc820/lib/libCore.so
#11 0x00002b2405fcc1c9 in TLeafI::~TLeafI() () from /cvmfs/cms.cern.ch/slc7_amd64_gcc820/cms/cmssw/CMSSW_11_1_4/external/slc7_amd64_gcc820/lib/libTree.so
#12 0x00002b240678d6b8 in TObjArray::Delete(char const*) () from /cvmfs/cms.cern.ch/slc7_amd64_gcc820/cms/cmssw/CMSSW_11_1_4/external/slc7_amd64_gcc820/lib/libCore.so
#13 0x00002b2405f856f1 in TBranch::~TBranch() () from /cvmfs/cms.cern.ch/slc7_amd64_gcc820/cms/cmssw/CMSSW_11_1_4/external/slc7_amd64_gcc820/lib/libTree.so
#14 0x00002b2405f858b9 in TBranch::~TBranch() () from /cvmfs/cms.cern.ch/slc7_amd64_gcc820/cms/cmssw/CMSSW_11_1_4/external/slc7_amd64_gcc820/lib/libTree.so
#15 0x00002b240678d6b8 in TObjArray::Delete(char const*) () from /cvmfs/cms.cern.ch/slc7_amd64_gcc820/cms/cmssw/CMSSW_11_1_4/external/slc7_amd64_gcc820/lib/libCore.so
#16 0x00002b2405ff4210 in TTree::~TTree() () from /cvmfs/cms.cern.ch/slc7_amd64_gcc820/cms/cmssw/CMSSW_11_1_4/external/slc7_amd64_gcc820/lib/libTree.so
#17 0x00002b2405ff4629 in TTree::~TTree() () from /cvmfs/cms.cern.ch/slc7_amd64_gcc820/cms/cmssw/CMSSW_11_1_4/external/slc7_amd64_gcc820/lib/libTree.so
#18 0x00002b2406787978 in TList::Delete(char const*) () from /cvmfs/cms.cern.ch/slc7_amd64_gcc820/cms/cmssw/CMSSW_11_1_4/external/slc7_amd64_gcc820/lib/libCore.so
#19 0x00002b240677dd6b in THashList::Delete(char const*) () from /cvmfs/cms.cern.ch/slc7_amd64_gcc820/cms/cmssw/CMSSW_11_1_4/external/slc7_amd64_gcc820/lib/libCore.so
#20 0x00002b2406256b44 in TDirectoryFile::Close(char const*) () from /cvmfs/cms.cern.ch/slc7_amd64_gcc820/cms/cmssw/CMSSW_11_1_4/external/slc7_amd64_gcc820/lib/libRIO.so
#21 0x00002b2406273546 in TFile::Close(char const*) () from /cvmfs/cms.cern.ch/slc7_amd64_gcc820/cms/cmssw/CMSSW_11_1_4/external/slc7_amd64_gcc820/lib/libRIO.so
#22 0x00002b241d8118b0 in TNetXNGFile::Close(char const*) () from /cvmfs/cms.cern.ch/slc7_amd64_gcc820/cms/cmssw/CMSSW_11_1_4/external/slc7_amd64_gcc820/lib/libNetxNG.so
#23 0x00002b24066d0601 in (anonymous namespace)::R__ListSlowClose(TList*) () from /cvmfs/cms.cern.ch/slc7_amd64_gcc820/cms/cmssw/CMSSW_11_1_4/external/slc7_amd64_gcc820/lib/libCore.so
#24 0x00002b24066d0f14 in TROOT::CloseFiles() () from /cvmfs/cms.cern.ch/slc7_amd64_gcc820/cms/cmssw/CMSSW_11_1_4/external/slc7_amd64_gcc820/lib/libCore.so
#25 0x00002b24066d15d2 in TROOT::EndOfProcessCleanups() () from /cvmfs/cms.cern.ch/slc7_amd64_gcc820/cms/cmssw/CMSSW_11_1_4/external/slc7_amd64_gcc820/lib/libCore.so
#26 0x00002b244494c02a in ?? ()
#27 0x0000000000000000 in ?? ()
===========================================================


Error in atexit._run_exitfuncs:
Traceback (most recent call last):
  File "/cvmfs/cms.cern.ch/slc7_amd64_gcc820/external/python/2.7.15-bcolbf2/lib/python2.7/atexit.py", line 24, in _run_exitfuncs
    func(*targs, **kargs)
  File "/cvmfs/cms.cern.ch/slc7_amd64_gcc820/lcg/root/6.20.06-bcolbf/lib/ROOT.py", line 881, in cleanup
    pyroot_backend.gROOT.EndOfProcessCleanups()
SystemError: void TROOT::EndOfProcessCleanups() =>
    problem in C++; program state has been reset
Error in sys.exitfunc:
Traceback (most recent call last):
  File "/cvmfs/cms.cern.ch/slc7_amd64_gcc820/external/python/2.7.15-bcolbf2/lib/python2.7/atexit.py", line 24, in _run_exitfuncs
    func(*targs, **kargs)
  File "/cvmfs/cms.cern.ch/slc7_amd64_gcc820/lcg/root/6.20.06-bcolbf/lib/ROOT.py", line 881, in cleanup
    pyroot_backend.gROOT.EndOfProcessCleanups()
SystemError: void TROOT::EndOfProcessCleanups() =>
    problem in C++; program state has been reset
